Build started 9/1/2016 7:50:20 PM.
     1>Project "C:\Users\Asus\Desktop\Minor\SimTram\build\msvc10\z_libmicrosim_devices\z_libmicrosim_devices.vcxproj" on node 4 (Build target(s)).
     1>PreBuildEvent:
         ..\..\..\tools\build\version.py
         :VCEnd
         unknown revision - svn dir 'None' not found
       ClCompile:
         C:\Program Files (x86)\Microsoft Visual Studio 12.0\VC\bin\CL.exe /c /I"C:\Users\Asus\Desktop\Minor\xerces-c-3.1.2\include" /I..\..\..\src /I..\..\..\src\foreign\msinttypes /I"C:\Users\Asus\Desktop\Minor\fox-1.6.50\include" /I"C:\Users\Asus\Desktop\Minor\release-1800-gdal-1-11-3-mapserver-6-4-2\include" /ZI /nologo /W4 /WX- /Od /Oy- /D "HAVE_ENABLED=\"Win32 Debug PROJ GDAL GUI Python\"" /D HAVE_FOX /D HAVE_PROJ /D HAVE_GDAL /Gm- /EHsc /RTC1 /MDd /GS /fp:precise /fp:except /Zc:wchar_t /Zc:forScope /Fo"Debug\\" /Fd"Debug\vc120.pdb" /Gd /TP /analyze- /errorReport:prompt ..\..\..\src\microsim\devices\MSDevice.cpp ..\..\..\src\microsim\devices\MSDevice_Battery.cpp ..\..\..\src\microsim\devices\MSDevice_BTreceiver.cpp ..\..\..\src\microsim\devices\MSDevice_BTsender.cpp ..\..\..\src\microsim\devices\MSDevice_Example.cpp ..\..\..\src\microsim\devices\MSDevice_Emissions.cpp ..\..\..\src\microsim\devices\MSDevice_Routing.cpp ..\..\..\src\microsim\devices\MSDevice_Transportable.cpp ..\..\..\src\microsim\devices\MSDevice_Tripinfo.cpp ..\..\..\src\microsim\devices\MSDevice_Vehroutes.cpp
         MSDevice.cpp
         MSDevice_Battery.cpp
         MSDevice_BTreceiver.cpp
         MSDevice_BTsender.cpp
         MSDevice_Example.cpp
         MSDevice_Emissions.cpp
         MSDevice_Routing.cpp
         MSDevice_Transportable.cpp
         MSDevice_Tripinfo.cpp
         MSDevice_Vehroutes.cpp
         Generating Code...
       Lib:
         C:\Program Files (x86)\Microsoft Visual Studio 12.0\VC\bin\Lib.exe /OUT:"Debug\z_libmicrosim_devices.lib" /NOLOGO Debug\MSDevice.obj
         Debug\MSDevice_Battery.obj
         Debug\MSDevice_BTreceiver.obj
         Debug\MSDevice_BTsender.obj
         Debug\MSDevice_Example.obj
         Debug\MSDevice_Emissions.obj
         Debug\MSDevice_Routing.obj
         Debug\MSDevice_Transportable.obj
         Debug\MSDevice_Tripinfo.obj
         Debug\MSDevice_Vehroutes.obj
         z_libmicrosim_devices.vcxproj -> C:\Users\Asus\Desktop\Minor\SimTram\build\msvc10\z_libmicrosim_devices\Debug\z_libmicrosim_devices.lib
     1>Done Building Project "C:\Users\Asus\Desktop\Minor\SimTram\build\msvc10\z_libmicrosim_devices\z_libmicrosim_devices.vcxproj" (Build target(s)).

Build succeeded.

Time Elapsed 00:01:13.41
