Build started 9/1/2016 8:00:06 PM.
     1>Project "C:\Users\Asus\Desktop\Minor\SimTram\build\msvc10\netconvert\netconvert.vcxproj" on node 2 (Build target(s)).
     1>PreBuildEvent:
         ..\..\..\tools\build\version.py
         :VCEnd
         unknown revision - svn dir 'None' not found
       ClCompile:
         C:\Program Files (x86)\Microsoft Visual Studio 12.0\VC\bin\CL.exe /c /I"C:\Users\Asus\Desktop\Minor\xerces-c-3.1.2\include" /I..\..\..\src /I..\..\..\src\foreign\msinttypes /I"C:\Users\Asus\Desktop\Minor\fox-1.6.50\include" /I"C:\Users\Asus\Desktop\Minor\release-1800-gdal-1-11-3-mapserver-6-4-2\include" /ZI /nologo /W4 /WX- /Od /Oy- /D "HAVE_ENABLED=\"Win32 Debug PROJ GDAL GUI Python\"" /D HAVE_FOX /D HAVE_PROJ /D HAVE_GDAL /Gm- /EHsc /RTC1 /MDd /GS /fp:precise /fp:except /Zc:wchar_t /Zc:forScope /Fo"Debug\\" /Fd"Debug\vc120.pdb" /Gd /TP /analyze- /errorReport:prompt ..\..\..\src\netconvert_main.cpp
         netconvert_main.cpp
       Link:
         C:\Program Files (x86)\Microsoft Visual Studio 12.0\VC\bin\link.exe /ERRORREPORT:PROMPT /OUT:"Debug\netconvertD.exe" /NOLOGO "C:\Users\Asus\Desktop\Minor\release-1800-gdal-1-11-3-mapserver-6-4-2\lib\proj_i.lib" "C:\Users\Asus\Desktop\Minor\xerces-c-3.1.2\lib\xerces-c_3D.lib" "C:\Users\Asus\Desktop\Minor\release-1800-gdal-1-11-3-mapserver-6-4-2\lib\gdal_i.lib" ws2_32.lib /MANIFEST /MANIFESTUAC:"level='asInvoker' uiAccess='false'" /manifest:embed /DEBUG /PDB:"Debug\netconvertD.pdb" /TLBID:1 /DYNAMICBASE /NXCOMPAT /IMPLIB:"Debug\netconvertD.lib" /MACHINE:X86 /SAFESEH Debug\netconvert_main.obj
         C:\Users\Asus\Desktop\Minor\SimTram\build\msvc10\y_libnetbuild\Debug\y_libnetbuild.lib
         C:\Users\Asus\Desktop\Minor\SimTram\build\msvc10\y_libnetimport\Debug\y_libnetimport.lib
         C:\Users\Asus\Desktop\Minor\SimTram\build\msvc10\y_libnetwrite\Debug\y_libnetwrite.lib
         C:\Users\Asus\Desktop\Minor\SimTram\build\msvc10\zz_foreign_eulerspiral\Debug\zz_foreign_eulerspiral.lib
         C:\Users\Asus\Desktop\Minor\SimTram\build\msvc10\zz_foreign_nvwa\Debug\zz_foreign_nvwa.lib
         C:\Users\Asus\Desktop\Minor\SimTram\build\msvc10\zz_foreign_tcpip\Debug\zz_foreign_tcpip.lib
         C:\Users\Asus\Desktop\Minor\SimTram\build\msvc10\z_libnetimport_vissim\Debug\z_libnetimport_vissim.lib
         C:\Users\Asus\Desktop\Minor\SimTram\build\msvc10\z_libutils_common\Debug\z_libutils_common.lib
         C:\Users\Asus\Desktop\Minor\SimTram\build\msvc10\z_libutils_distribution\Debug\z_libutils_distribution.lib
         C:\Users\Asus\Desktop\Minor\SimTram\build\msvc10\z_libutils_geom\Debug\z_libutils_geom.lib
         C:\Users\Asus\Desktop\Minor\SimTram\build\msvc10\z_libutils_importio\Debug\z_libutils_importio.lib
         C:\Users\Asus\Desktop\Minor\SimTram\build\msvc10\z_libutils_iodevices\Debug\z_libutils_iodevices.lib
         C:\Users\Asus\Desktop\Minor\SimTram\build\msvc10\z_libutils_options\Debug\z_libutils_options.lib
         C:\Users\Asus\Desktop\Minor\SimTram\build\msvc10\z_libutils_xml\Debug\z_libutils_xml.lib
     1>netconvert_main.obj : warning LNK4075: ignoring '/EDITANDCONTINUE' due to '/SAFESEH' specification
            Creating library Debug\netconvertD.lib and object Debug\netconvertD.exp
         netconvert.vcxproj -> C:\Users\Asus\Desktop\Minor\SimTram\build\msvc10\netconvert\Debug\netconvertD.exe
       PostBuildEvent:
         xcopy /Y C:\Users\Asus\Desktop\Minor\SimTram\build\msvc10\netconvert\Debug\netconvertD.exe ..\..\..\bin\
         :VCEnd
         C:\Users\Asus\Desktop\Minor\SimTram\build\msvc10\netconvert\Debug\netconvertD.exe
         1 File(s) copied
     1>Done Building Project "C:\Users\Asus\Desktop\Minor\SimTram\build\msvc10\netconvert\netconvert.vcxproj" (Build target(s)).

Build succeeded.

Time Elapsed 00:00:33.37
