Build started 9/1/2016 7:57:23 PM.
     1>Project "C:\Users\Asus\Desktop\Minor\SimTram\build\msvc10\y_libnetwrite\y_libnetwrite.vcxproj" on node 3 (Build target(s)).
     1>PreBuildEvent:
         ..\..\..\tools\build\version.py
         :VCEnd
         unknown revision - svn dir 'None' not found
       ClCompile:
         C:\Program Files (x86)\Microsoft Visual Studio 12.0\VC\bin\CL.exe /c /I"C:\Users\Asus\Desktop\Minor\xerces-c-3.1.2\include" /I..\..\..\src /I..\..\..\src\foreign\msinttypes /I"C:\Users\Asus\Desktop\Minor\fox-1.6.50\include" /I"C:\Users\Asus\Desktop\Minor\release-1800-gdal-1-11-3-mapserver-6-4-2\include" /ZI /nologo /W4 /WX- /Od /Oy- /D "HAVE_ENABLED=\"Win32 Debug PROJ GDAL GUI Python\"" /D HAVE_FOX /D HAVE_PROJ /D HAVE_GDAL /Gm- /EHsc /RTC1 /MDd /GS /fp:precise /fp:except /Zc:wchar_t /Zc:forScope /Fo"Debug\\" /Fd"Debug\vc120.pdb" /Gd /TP /analyze- /errorReport:prompt ..\..\..\src\netwrite\NWFrame.cpp ..\..\..\src\netwrite\NWWriter_DlrNavteq.cpp ..\..\..\src\netwrite\NWWriter_OpenDrive.cpp ..\..\..\src\netwrite\NWWriter_SUMO.cpp ..\..\..\src\netwrite\NWWriter_MATSim.cpp ..\..\..\src\netwrite\NWWriter_XML.cpp ..\..\..\src\netwrite\NWWriter_Amitran.cpp
         NWFrame.cpp
         NWWriter_DlrNavteq.cpp
         NWWriter_OpenDrive.cpp
         NWWriter_SUMO.cpp
         NWWriter_MATSim.cpp
         NWWriter_XML.cpp
         NWWriter_Amitran.cpp
         Generating Code...
       Lib:
         C:\Program Files (x86)\Microsoft Visual Studio 12.0\VC\bin\Lib.exe /OUT:"Debug\y_libnetwrite.lib" /NOLOGO Debug\NWFrame.obj
         Debug\NWWriter_DlrNavteq.obj
         Debug\NWWriter_OpenDrive.obj
         Debug\NWWriter_SUMO.obj
         Debug\NWWriter_MATSim.obj
         Debug\NWWriter_XML.obj
         Debug\NWWriter_Amitran.obj
         y_libnetwrite.vcxproj -> C:\Users\Asus\Desktop\Minor\SimTram\build\msvc10\y_libnetwrite\Debug\y_libnetwrite.lib
     1>Done Building Project "C:\Users\Asus\Desktop\Minor\SimTram\build\msvc10\y_libnetwrite\y_libnetwrite.vcxproj" (Build target(s)).

Build succeeded.

Time Elapsed 00:00:24.85
