This file contains any messages produced by compilers while
running configure, to aid debugging if configure makes a mistake.

It was created by sumo configure 0.27.1, which was
generated by GNU Autoconf 2.69.  Invocation command line was

  $ ./configure --with-proj-gdal=/home/charvakcpatel007 --with-xerces=/home/charvakcpatel007

## --------- ##
## Platform. ##
## --------- ##

hostname = ubuntu
uname -m = i686
uname -r = 4.2.0-27-generic
uname -s = Linux
uname -v = #32~14.04.1-Ubuntu SMP Fri Jan 22 15:32:27 UTC 2016

/usr/bin/uname -p = unknown
/bin/uname -X     = unknown

/bin/arch              = unknown
/usr/bin/arch -k       = unknown
/usr/convex/getsysinfo = unknown
/usr/bin/hostinfo      = unknown
/bin/machine           = unknown
/usr/bin/oslevel       = unknown
/bin/universe          = unknown

PATH: /usr/local/sbin
PATH: /usr/local/bin
PATH: /usr/sbin
PATH: /usr/bin
PATH: /sbin
PATH: /bin
PATH: /usr/games
PATH: /usr/local/games
PATH: /home/charvakcpatel007/ns-allinone-2.35/bin
PATH: /home/charvakcpatel007/ns-allinone-2.35/tcl8.5.10/unix
PATH: /home/charvakcpatel007/ns-allinone-2.35/tk8.5.10/unix
PATH: /home/charvakcpatel007/ns-allinone-2.35/ns-2.35/
PATH: /home/charvakcpatel007/ns-allinone-2.35/nam-1.15/


## ----------- ##
## Core tests. ##
## ----------- ##

configure:2631: checking build system type
configure:2645: result: i686-pc-linux-gnu
configure:2665: checking host system type
configure:2678: result: i686-pc-linux-gnu
configure:2698: checking target system type
configure:2711: result: i686-pc-linux-gnu
configure:2758: checking for a BSD-compatible install
configure:2826: result: /usr/bin/install -c
configure:2837: checking whether build environment is sane
configure:2892: result: yes
configure:3043: checking for a thread-safe mkdir -p
configure:3082: result: /bin/mkdir -p
configure:3089: checking for gawk
configure:3119: result: no
configure:3089: checking for mawk
configure:3105: found /usr/bin/mawk
configure:3116: result: mawk
configure:3127: checking whether make sets $(MAKE)
configure:3149: result: yes
configure:3178: checking whether make supports nested variables
configure:3195: result: yes
configure:3284: checking whether UID '1000' is supported by ustar format
configure:3287: result: yes
configure:3294: checking whether GID '1000' is supported by ustar format
configure:3297: result: yes
configure:3305: checking how to create a ustar tar archive
configure:3316: tar --version
tar (GNU tar) 1.27.1
Copyright (C) 2013 Free Software Foundation, Inc.
License GPLv3+: GNU GPL version 3 or later <http://gnu.org/licenses/gpl.html>.
This is free software: you are free to change and redistribute it.
There is NO WARRANTY, to the extent permitted by law.

Written by John Gilmore and Jay Fenlason.
configure:3319: $? = 0
configure:3359: tardir=conftest.dir && eval tar --format=ustar -chf - "$tardir" >conftest.tar
configure:3362: $? = 0
configure:3366: tar -xf - <conftest.tar
configure:3369: $? = 0
configure:3371: cat conftest.dir/file
GrepMe
configure:3374: $? = 0
configure:3387: result: gnutar
configure:3494: checking for gcc
configure:3510: found /usr/bin/gcc
configure:3521: result: gcc
configure:3750: checking for C compiler version
configure:3759: gcc --version >&5
gcc (Ubuntu 4.8.4-2ubuntu1~14.04.3) 4.8.4
Copyright (C) 2013 Free Software Foundation, Inc.
This is free software; see the source for copying conditions.  There is NO
warranty; not even for MERCHANTABILITY or FITNESS FOR A PARTICULAR PURPOSE.

configure:3770: $? = 0
configure:3759: gcc -v >&5
Using built-in specs.
COLLECT_GCC=gcc
COLLECT_LTO_WRAPPER=/usr/lib/gcc/i686-linux-gnu/4.8/lto-wrapper
Target: i686-linux-gnu
Configured with: ../src/configure -v --with-pkgversion='Ubuntu 4.8.4-2ubuntu1~14.04.3' --with-bugurl=file:///usr/share/doc/gcc-4.8/README.Bugs --enable-languages=c,c++,java,go,d,fortran,objc,obj-c++ --prefix=/usr --program-suffix=-4.8 --enable-shared --enable-linker-build-id --libexecdir=/usr/lib --without-included-gettext --enable-threads=posix --with-gxx-include-dir=/usr/include/c++/4.8 --libdir=/usr/lib --enable-nls --with-sysroot=/ --enable-clocale=gnu --enable-libstdcxx-debug --enable-libstdcxx-time=yes --enable-gnu-unique-object --disable-libmudflap --enable-plugin --with-system-zlib --disable-browser-plugin --enable-java-awt=gtk --enable-gtk-cairo --with-java-home=/usr/lib/jvm/java-1.5.0-gcj-4.8-i386/jre --enable-java-home --with-jvm-root-dir=/usr/lib/jvm/java-1.5.0-gcj-4.8-i386 --with-jvm-jar-dir=/usr/lib/jvm-exports/java-1.5.0-gcj-4.8-i386 --with-arch-directory=i386 --with-ecj-jar=/usr/share/java/eclipse-ecj.jar --enable-objc-gc --enable-targets=all --enable-multiarch --disable-werror --with-arch-32=i686 --with-multilib-list=m32,m64,mx32 --with-tune=generic --enable-checking=release --build=i686-linux-gnu --host=i686-linux-gnu --target=i686-linux-gnu
Thread model: posix
gcc version 4.8.4 (Ubuntu 4.8.4-2ubuntu1~14.04.3) 
configure:3770: $? = 0
configure:3759: gcc -V >&5
gcc: error: unrecognized command line option '-V'
gcc: fatal error: no input files
compilation terminated.
configure:3770: $? = 4
configure:3759: gcc -qversion >&5
gcc: error: unrecognized command line option '-qversion'
gcc: fatal error: no input files
compilation terminated.
configure:3770: $? = 4
configure:3790: checking whether the C compiler works
configure:3812: gcc    conftest.c  >&5
configure:3816: $? = 0
configure:3864: result: yes
configure:3867: checking for C compiler default output file name
configure:3869: result: a.out
configure:3875: checking for suffix of executables
configure:3882: gcc -o conftest    conftest.c  >&5
configure:3886: $? = 0
configure:3908: result: 
configure:3930: checking whether we are cross compiling
configure:3938: gcc -o conftest    conftest.c  >&5
configure:3942: $? = 0
configure:3949: ./conftest
configure:3953: $? = 0
configure:3968: result: no
configure:3973: checking for suffix of object files
configure:3995: gcc -c   conftest.c >&5
configure:3999: $? = 0
configure:4020: result: o
configure:4024: checking whether we are using the GNU C compiler
configure:4043: gcc -c   conftest.c >&5
configure:4043: $? = 0
configure:4052: result: yes
configure:4061: checking whether gcc accepts -g
configure:4081: gcc -c -g  conftest.c >&5
configure:4081: $? = 0
configure:4122: result: yes
configure:4139: checking for gcc option to accept ISO C89
configure:4202: gcc  -c -g -O2  conftest.c >&5
configure:4202: $? = 0
configure:4215: result: none needed
configure:4246: checking for style of include used by make
configure:4274: result: GNU
configure:4300: checking dependency style of gcc
configure:4411: result: gcc3
configure:4431: checking how to run the C preprocessor
configure:4462: gcc -E  conftest.c
configure:4462: $? = 0
configure:4476: gcc -E  conftest.c
conftest.c:11:28: fatal error: ac_nonexistent.h: No such file or directory
 #include <ac_nonexistent.h>
                            ^
compilation terminated.
configure:4476: $? = 1
configure: failed program was:
| /* confdefs.h */
| #define PACKAGE_NAME "sumo"
| #define PACKAGE_TARNAME "sumo"
| #define PACKAGE_VERSION "0.27.1"
| #define PACKAGE_STRING "sumo 0.27.1"
| #define PACKAGE_BUGREPORT ""
| #define PACKAGE_URL ""
| #define PACKAGE "sumo"
| #define VERSION "0.27.1"
| /* end confdefs.h.  */
| #include <ac_nonexistent.h>
configure:4501: result: gcc -E
configure:4521: gcc -E  conftest.c
configure:4521: $? = 0
configure:4535: gcc -E  conftest.c
conftest.c:11:28: fatal error: ac_nonexistent.h: No such file or directory
 #include <ac_nonexistent.h>
                            ^
compilation terminated.
configure:4535: $? = 1
configure: failed program was:
| /* confdefs.h */
| #define PACKAGE_NAME "sumo"
| #define PACKAGE_TARNAME "sumo"
| #define PACKAGE_VERSION "0.27.1"
| #define PACKAGE_STRING "sumo 0.27.1"
| #define PACKAGE_BUGREPORT ""
| #define PACKAGE_URL ""
| #define PACKAGE "sumo"
| #define VERSION "0.27.1"
| /* end confdefs.h.  */
| #include <ac_nonexistent.h>
configure:4621: checking for g++
configure:4637: found /usr/bin/g++
configure:4648: result: g++
configure:4675: checking for C++ compiler version
configure:4684: g++ --version >&5
g++ (Ubuntu 4.8.4-2ubuntu1~14.04.3) 4.8.4
Copyright (C) 2013 Free Software Foundation, Inc.
This is free software; see the source for copying conditions.  There is NO
warranty; not even for MERCHANTABILITY or FITNESS FOR A PARTICULAR PURPOSE.

configure:4695: $? = 0
configure:4684: g++ -v >&5
Using built-in specs.
COLLECT_GCC=g++
COLLECT_LTO_WRAPPER=/usr/lib/gcc/i686-linux-gnu/4.8/lto-wrapper
Target: i686-linux-gnu
Configured with: ../src/configure -v --with-pkgversion='Ubuntu 4.8.4-2ubuntu1~14.04.3' --with-bugurl=file:///usr/share/doc/gcc-4.8/README.Bugs --enable-languages=c,c++,java,go,d,fortran,objc,obj-c++ --prefix=/usr --program-suffix=-4.8 --enable-shared --enable-linker-build-id --libexecdir=/usr/lib --without-included-gettext --enable-threads=posix --with-gxx-include-dir=/usr/include/c++/4.8 --libdir=/usr/lib --enable-nls --with-sysroot=/ --enable-clocale=gnu --enable-libstdcxx-debug --enable-libstdcxx-time=yes --enable-gnu-unique-object --disable-libmudflap --enable-plugin --with-system-zlib --disable-browser-plugin --enable-java-awt=gtk --enable-gtk-cairo --with-java-home=/usr/lib/jvm/java-1.5.0-gcj-4.8-i386/jre --enable-java-home --with-jvm-root-dir=/usr/lib/jvm/java-1.5.0-gcj-4.8-i386 --with-jvm-jar-dir=/usr/lib/jvm-exports/java-1.5.0-gcj-4.8-i386 --with-arch-directory=i386 --with-ecj-jar=/usr/share/java/eclipse-ecj.jar --enable-objc-gc --enable-targets=all --enable-multiarch --disable-werror --with-arch-32=i686 --with-multilib-list=m32,m64,mx32 --with-tune=generic --enable-checking=release --build=i686-linux-gnu --host=i686-linux-gnu --target=i686-linux-gnu
Thread model: posix
gcc version 4.8.4 (Ubuntu 4.8.4-2ubuntu1~14.04.3) 
configure:4695: $? = 0
configure:4684: g++ -V >&5
g++: error: unrecognized command line option '-V'
g++: fatal error: no input files
compilation terminated.
configure:4695: $? = 4
configure:4684: g++ -qversion >&5
g++: error: unrecognized command line option '-qversion'
g++: fatal error: no input files
compilation terminated.
configure:4695: $? = 4
configure:4699: checking whether we are using the GNU C++ compiler
configure:4718: g++ -c -O2 -DNDEBUG   conftest.cpp >&5
configure:4718: $? = 0
configure:4727: result: yes
configure:4736: checking whether g++ accepts -g
configure:4756: g++ -c -g  conftest.cpp >&5
configure:4756: $? = 0
configure:4797: result: yes
configure:4822: checking dependency style of g++
configure:4933: result: gcc3
configure:4949: checking whether ln -s works
configure:4953: result: yes
configure:4960: checking whether make sets $(MAKE)
configure:4982: result: yes
configure:5035: checking for ranlib
configure:5051: found /usr/bin/ranlib
configure:5062: result: ranlib
configure:5130: checking how to print strings
configure:5157: result: printf
configure:5178: checking for a sed that does not truncate output
configure:5242: result: /bin/sed
configure:5260: checking for grep that handles long lines and -e
configure:5318: result: /bin/grep
configure:5323: checking for egrep
configure:5385: result: /bin/grep -E
configure:5390: checking for fgrep
configure:5452: result: /bin/grep -F
configure:5487: checking for ld used by gcc
configure:5554: result: /usr/bin/ld
configure:5561: checking if the linker (/usr/bin/ld) is GNU ld
configure:5576: result: yes
configure:5588: checking for BSD- or MS-compatible name lister (nm)
configure:5637: result: /usr/bin/nm -B
configure:5767: checking the name lister (/usr/bin/nm -B) interface
configure:5774: g++ -c -O2 -DNDEBUG   conftest.cpp >&5
configure:5777: /usr/bin/nm -B "conftest.o"
configure:5780: output
00000000 B some_variable
configure:5787: result: BSD nm
configure:5791: checking the maximum length of command line arguments
configure:5921: result: 1572864
configure:5938: checking whether the shell understands some XSI constructs
configure:5948: result: yes
configure:5952: checking whether the shell understands "+="
configure:5958: result: yes
configure:5993: checking how to convert i686-pc-linux-gnu file names to i686-pc-linux-gnu format
configure:6033: result: func_convert_file_noop
configure:6040: checking how to convert i686-pc-linux-gnu file names to toolchain format
configure:6060: result: func_convert_file_noop
configure:6067: checking for /usr/bin/ld option to reload object files
configure:6074: result: -r
configure:6148: checking for objdump
configure:6164: found /usr/bin/objdump
configure:6175: result: objdump
configure:6207: checking how to recognize dependent libraries
configure:6409: result: pass_all
configure:6494: checking for dlltool
configure:6524: result: no
configure:6554: checking how to associate runtime and link libraries
configure:6581: result: printf %s\n
configure:6642: checking for ar
configure:6658: found /usr/bin/ar
configure:6669: result: ar
configure:6706: checking for archiver @FILE support
configure:6723: g++ -c -O2 -DNDEBUG   conftest.cpp >&5
configure:6723: $? = 0
configure:6726: ar cru libconftest.a @conftest.lst >&5
configure:6729: $? = 0
configure:6734: ar cru libconftest.a @conftest.lst >&5
ar: conftest.o: No such file or directory
configure:6737: $? = 1
configure:6749: result: @
configure:6807: checking for strip
configure:6823: found /usr/bin/strip
configure:6834: result: strip
configure:6906: checking for ranlib
configure:6933: result: ranlib
configure:7035: checking command to parse /usr/bin/nm -B output from gcc object
configure:7155: g++ -c -O2 -DNDEBUG   conftest.cpp >&5
configure:7158: $? = 0
configure:7162: /usr/bin/nm -B conftest.o \| sed -n -e 's/^.*[ ]\([ABCDGIRSTW][ABCDGIRSTW]*\)[ ][ ]*\([_A-Za-z][_A-Za-z0-9]*\)$/\1 \2 \2/p' | sed '/ __gnu_lto/d' \> conftest.nm
configure:7165: $? = 0
configure:7231: g++ -o conftest -O2 -DNDEBUG    conftest.cpp conftstm.o >&5
configure:7234: $? = 0
configure:7272: result: ok
configure:7309: checking for sysroot
configure:7339: result: no
configure:7602: checking for mt
configure:7618: found /bin/mt
configure:7629: result: mt
configure:7652: checking if mt is a manifest tool
configure:7658: mt '-?'
configure:7666: result: no
configure:8304: checking for ANSI C header files
configure:8324: g++ -c -O2 -DNDEBUG   conftest.cpp >&5
configure:8324: $? = 0
./configure: line 8338: conftest.cpp: command not found
configure:8408: result: no
configure:8421: checking for sys/types.h
configure:8421: g++ -c -O2 -DNDEBUG   conftest.cpp >&5
configure:8421: $? = 0
configure:8421: result: yes
configure:8421: checking for sys/stat.h
configure:8421: g++ -c -O2 -DNDEBUG   conftest.cpp >&5
configure:8421: $? = 0
configure:8421: result: yes
configure:8421: checking for stdlib.h
configure:8421: g++ -c -O2 -DNDEBUG   conftest.cpp >&5
configure:8421: $? = 0
configure:8421: result: yes
configure:8421: checking for string.h
configure:8421: g++ -c -O2 -DNDEBUG   conftest.cpp >&5
configure:8421: $? = 0
configure:8421: result: yes
configure:8421: checking for memory.h
configure:8421: g++ -c -O2 -DNDEBUG   conftest.cpp >&5
configure:8421: $? = 0
configure:8421: result: yes
configure:8421: checking for strings.h
configure:8421: g++ -c -O2 -DNDEBUG   conftest.cpp >&5
configure:8421: $? = 0
configure:8421: result: yes
configure:8421: checking for inttypes.h
configure:8421: g++ -c -O2 -DNDEBUG   conftest.cpp >&5
configure:8421: $? = 0
configure:8421: result: yes
configure:8421: checking for stdint.h
configure:8421: g++ -c -O2 -DNDEBUG   conftest.cpp >&5
configure:8421: $? = 0
configure:8421: result: yes
configure:8421: checking for unistd.h
configure:8421: g++ -c -O2 -DNDEBUG   conftest.cpp >&5
configure:8421: $? = 0
configure:8421: result: yes
configure:8435: checking for dlfcn.h
configure:8435: g++ -c -O2 -DNDEBUG   conftest.cpp >&5
configure:8435: $? = 0
configure:8435: result: yes
configure:8651: checking for objdir
configure:8666: result: .libs
configure:8933: checking if gcc supports -fno-rtti -fno-exceptions
configure:8951: gcc -c -g -O2  -fno-rtti -fno-exceptions conftest.c >&5
cc1: warning: command line option '-fno-rtti' is valid for C++/ObjC++ but not for C [enabled by default]
configure:8955: $? = 0
configure:8968: result: no
configure:9295: checking for gcc option to produce PIC
configure:9302: result: -fPIC -DPIC
configure:9310: checking if gcc PIC flag -fPIC -DPIC works
configure:9328: gcc -c -g -O2  -fPIC -DPIC -DPIC conftest.c >&5
configure:9332: $? = 0
configure:9345: result: yes
configure:9374: checking if gcc static flag -static works
configure:9402: result: yes
configure:9417: checking if gcc supports -c -o file.o
configure:9438: gcc -c -g -O2  -o out/conftest2.o conftest.c >&5
configure:9442: $? = 0
configure:9464: result: yes
configure:9472: checking if gcc supports -c -o file.o
configure:9519: result: yes
configure:9552: checking whether the gcc linker (/usr/bin/ld) supports shared libraries
configure:10705: result: yes
configure:10742: checking whether -lc should be explicitly linked in
configure:10750: gcc -c -g -O2  conftest.c >&5
configure:10753: $? = 0
configure:10768: gcc -shared  -fPIC -DPIC conftest.o  -v -Wl,-soname -Wl,conftest -o conftest 2\>\&1 \| /bin/grep  -lc  \>/dev/null 2\>\&1
configure:10771: $? = 0
configure:10785: result: no
configure:10945: checking dynamic linker characteristics
configure:11456: gcc -o conftest -g -O2   -Wl,-rpath -Wl,/foo conftest.c  >&5
configure:11456: $? = 0
configure:11678: result: GNU/Linux ld.so
configure:11785: checking how to hardcode library paths into programs
configure:11810: result: immediate
configure:12350: checking whether stripping libraries is possible
configure:12355: result: yes
configure:12390: checking if libtool supports shared libraries
configure:12392: result: yes
configure:12395: checking whether to build shared libraries
configure:12416: result: yes
configure:12419: checking whether to build static libraries
configure:12423: result: yes
configure:12446: checking how to run the C++ preprocessor
configure:12473: g++ -E  conftest.cpp
configure:12473: $? = 0
configure:12487: g++ -E  conftest.cpp
conftest.cpp:22:28: fatal error: ac_nonexistent.h: No such file or directory
 #include <ac_nonexistent.h>
                            ^
compilation terminated.
configure:12487: $? = 1
configure: failed program was:
| /* confdefs.h */
| #define PACKAGE_NAME "sumo"
| #define PACKAGE_TARNAME "sumo"
| #define PACKAGE_VERSION "0.27.1"
| #define PACKAGE_STRING "sumo 0.27.1"
| #define PACKAGE_BUGREPORT ""
| #define PACKAGE_URL ""
| #define PACKAGE "sumo"
| #define VERSION "0.27.1"
| #define HAVE_SYS_TYPES_H 1
| #define HAVE_SYS_STAT_H 1
| #define HAVE_STDLIB_H 1
| #define HAVE_STRING_H 1
| #define HAVE_MEMORY_H 1
| #define HAVE_STRINGS_H 1
| #define HAVE_INTTYPES_H 1
| #define HAVE_STDINT_H 1
| #define HAVE_UNISTD_H 1
| #define HAVE_DLFCN_H 1
| #define LT_OBJDIR ".libs/"
| /* end confdefs.h.  */
| #include <ac_nonexistent.h>
configure:12512: result: g++ -E
configure:12532: g++ -E  conftest.cpp
configure:12532: $? = 0
configure:12546: g++ -E  conftest.cpp
conftest.cpp:22:28: fatal error: ac_nonexistent.h: No such file or directory
 #include <ac_nonexistent.h>
                            ^
compilation terminated.
configure:12546: $? = 1
configure: failed program was:
| /* confdefs.h */
| #define PACKAGE_NAME "sumo"
| #define PACKAGE_TARNAME "sumo"
| #define PACKAGE_VERSION "0.27.1"
| #define PACKAGE_STRING "sumo 0.27.1"
| #define PACKAGE_BUGREPORT ""
| #define PACKAGE_URL ""
| #define PACKAGE "sumo"
| #define VERSION "0.27.1"
| #define HAVE_SYS_TYPES_H 1
| #define HAVE_SYS_STAT_H 1
| #define HAVE_STDLIB_H 1
| #define HAVE_STRING_H 1
| #define HAVE_MEMORY_H 1
| #define HAVE_STRINGS_H 1
| #define HAVE_INTTYPES_H 1
| #define HAVE_STDINT_H 1
| #define HAVE_UNISTD_H 1
| #define HAVE_DLFCN_H 1
| #define LT_OBJDIR ".libs/"
| /* end confdefs.h.  */
| #include <ac_nonexistent.h>
configure:12715: checking for ld used by g++
configure:12782: result: /usr/bin/ld
configure:12789: checking if the linker (/usr/bin/ld) is GNU ld
configure:12804: result: yes
configure:12859: checking whether the g++ linker (/usr/bin/ld) supports shared libraries
configure:13864: result: yes
configure:13900: g++ -c -O2 -DNDEBUG   conftest.cpp >&5
configure:13903: $? = 0
configure:14423: checking for g++ option to produce PIC
configure:14430: result: -fPIC -DPIC
configure:14438: checking if g++ PIC flag -fPIC -DPIC works
configure:14456: g++ -c -O2 -DNDEBUG   -fPIC -DPIC -DPIC conftest.cpp >&5
configure:14460: $? = 0
configure:14473: result: yes
configure:14496: checking if g++ static flag -static works
configure:14524: result: yes
configure:14536: checking if g++ supports -c -o file.o
configure:14557: g++ -c -O2 -DNDEBUG   -o out/conftest2.o conftest.cpp >&5
configure:14561: $? = 0
configure:14583: result: yes
configure:14588: checking if g++ supports -c -o file.o
configure:14635: result: yes
configure:14665: checking whether the g++ linker (/usr/bin/ld) supports shared libraries
configure:14701: result: yes
configure:14842: checking dynamic linker characteristics
configure:15509: result: GNU/Linux ld.so
configure:15562: checking how to hardcode library paths into programs
configure:15587: result: immediate
configure:15849: checking for pkg-config
configure:15867: found /usr/bin/pkg-config
configure:15879: result: /usr/bin/pkg-config
configure:15904: checking pkg-config is at least version 0.9.0
configure:15907: result: yes
configure:15917: checking for XERCES
configure:15924: $PKG_CONFIG --exists --print-errors "xerces-c >= 3.0"
configure:15927: $? = 0
configure:15941: $PKG_CONFIG --exists --print-errors "xerces-c >= 3.0"
configure:15944: $? = 0
configure:15986: result: yes
configure:16059: checking for main in -lxerces-c
configure:16078: g++ -o conftest -msse2 -mfpmath=sse -O2 -DNDEBUG   -L/home/charvakcpatel007/lib conftest.cpp -lxerces-c   >&5
configure:16078: $? = 0
configure:16088: result: yes
configure:16123: checking xercesc/util/XercesVersion.hpp usability
configure:16123: g++ -c -msse2 -mfpmath=sse -O2 -DNDEBUG  -I/home/charvakcpatel007/include conftest.cpp >&5
configure:16123: $? = 0
configure:16123: result: yes
configure:16123: checking xercesc/util/XercesVersion.hpp presence
configure:16123: g++ -E -I/home/charvakcpatel007/include conftest.cpp
configure:16123: $? = 0
configure:16123: result: yes
configure:16123: checking for xercesc/util/XercesVersion.hpp
configure:16123: result: yes
configure:16204: checking for main in -lproj
configure:16223: g++ -o conftest -msse2 -mfpmath=sse -O2 -DNDEBUG   -L/home/charvakcpatel007/lib conftest.cpp -lproj   >&5
configure:16223: $? = 0
configure:16232: result: yes
configure:16264: checking proj_api.h usability
configure:16264: g++ -c -msse2 -mfpmath=sse -O2 -DNDEBUG  -I/home/charvakcpatel007/include conftest.cpp >&5
configure:16264: $? = 0
configure:16264: result: yes
configure:16264: checking proj_api.h presence
configure:16264: g++ -E -I/home/charvakcpatel007/include conftest.cpp
configure:16264: $? = 0
configure:16264: result: yes
configure:16264: checking for proj_api.h
configure:16264: result: yes
configure:16297: checking for gdal-config
configure:16315: found /usr/bin/gdal-config
configure:16327: result: /usr/bin/gdal-config
configure:16358: checking ogr_api.h usability
configure:16358: g++ -c -msse2 -mfpmath=sse -O2 -DNDEBUG  -I/usr/include/gdal conftest.cpp >&5
In file included from /usr/include/gdal/cpl_port.h:80:0,
                 from /usr/include/gdal/cpl_progress.h:33,
                 from /usr/include/gdal/ogr_api.h:42,
                 from conftest.cpp:64:
/usr/include/gdal/cpl_config.h:201:0: warning: "PACKAGE_NAME" redefined [enabled by default]
 #define PACKAGE_NAME ""
 ^
conftest.cpp:2:0: note: this is the location of the previous definition
 #define PACKAGE_NAME "sumo"
 ^
In file included from /usr/include/gdal/cpl_port.h:80:0,
                 from /usr/include/gdal/cpl_progress.h:33,
                 from /usr/include/gdal/ogr_api.h:42,
                 from conftest.cpp:64:
/usr/include/gdal/cpl_config.h:204:0: warning: "PACKAGE_STRING" redefined [enabled by default]
 #define PACKAGE_STRING ""
 ^
conftest.cpp:5:0: note: this is the location of the previous definition
 #define PACKAGE_STRING "sumo 0.27.1"
 ^
In file included from /usr/include/gdal/cpl_port.h:80:0,
                 from /usr/include/gdal/cpl_progress.h:33,
                 from /usr/include/gdal/ogr_api.h:42,
                 from conftest.cpp:64:
/usr/include/gdal/cpl_config.h:207:0: warning: "PACKAGE_TARNAME" redefined [enabled by default]
 #define PACKAGE_TARNAME ""
 ^
conftest.cpp:3:0: note: this is the location of the previous definition
 #define PACKAGE_TARNAME "sumo"
 ^
In file included from /usr/include/gdal/cpl_port.h:80:0,
                 from /usr/include/gdal/cpl_progress.h:33,
                 from /usr/include/gdal/ogr_api.h:42,
                 from conftest.cpp:64:
/usr/include/gdal/cpl_config.h:213:0: warning: "PACKAGE_VERSION" redefined [enabled by default]
 #define PACKAGE_VERSION ""
 ^
conftest.cpp:4:0: note: this is the location of the previous definition
 #define PACKAGE_VERSION "0.27.1"
 ^
configure:16358: $? = 0
configure:16358: result: yes
configure:16358: checking ogr_api.h presence
configure:16358: g++ -E -I/usr/include/gdal conftest.cpp
In file included from /usr/include/gdal/cpl_port.h:80:0,
                 from /usr/include/gdal/cpl_progress.h:33,
                 from /usr/include/gdal/ogr_api.h:42,
                 from conftest.cpp:31:
/usr/include/gdal/cpl_config.h:201:0: warning: "PACKAGE_NAME" redefined [enabled by default]
 #define PACKAGE_NAME ""
 ^
conftest.cpp:2:0: note: this is the location of the previous definition
 #define PACKAGE_NAME "sumo"
 ^
In file included from /usr/include/gdal/cpl_port.h:80:0,
                 from /usr/include/gdal/cpl_progress.h:33,
                 from /usr/include/gdal/ogr_api.h:42,
                 from conftest.cpp:31:
/usr/include/gdal/cpl_config.h:204:0: warning: "PACKAGE_STRING" redefined [enabled by default]
 #define PACKAGE_STRING ""
 ^
conftest.cpp:5:0: note: this is the location of the previous definition
 #define PACKAGE_STRING "sumo 0.27.1"
 ^
In file included from /usr/include/gdal/cpl_port.h:80:0,
                 from /usr/include/gdal/cpl_progress.h:33,
                 from /usr/include/gdal/ogr_api.h:42,
                 from conftest.cpp:31:
/usr/include/gdal/cpl_config.h:207:0: warning: "PACKAGE_TARNAME" redefined [enabled by default]
 #define PACKAGE_TARNAME ""
 ^
conftest.cpp:3:0: note: this is the location of the previous definition
 #define PACKAGE_TARNAME "sumo"
 ^
In file included from /usr/include/gdal/cpl_port.h:80:0,
                 from /usr/include/gdal/cpl_progress.h:33,
                 from /usr/include/gdal/ogr_api.h:42,
                 from conftest.cpp:31:
/usr/include/gdal/cpl_config.h:213:0: warning: "PACKAGE_VERSION" redefined [enabled by default]
 #define PACKAGE_VERSION ""
 ^
conftest.cpp:4:0: note: this is the location of the previous definition
 #define PACKAGE_VERSION "0.27.1"
 ^
configure:16358: $? = 0
configure:16358: result: yes
configure:16358: checking for ogr_api.h
configure:16358: result: yes
configure:16389: checking for fox-config
configure:16407: found /usr/bin/fox-config
configure:16419: result: /usr/bin/fox-config
configure:16450: checking fxver.h usability
configure:16450: g++ -c -msse2 -mfpmath=sse -O2 -DNDEBUG  -I/usr/include/fox-1.6 conftest.cpp >&5
configure:16450: $? = 0
configure:16450: result: yes
configure:16450: checking fxver.h presence
configure:16450: g++ -E -I/usr/include/fox-1.6 conftest.cpp
configure:16450: $? = 0
configure:16450: result: yes
configure:16450: checking for fxver.h
configure:16450: result: yes
configure:16489: checking for gtest-config
configure:16522: result: no
configure:16639: checking libavformat/version.h usability
configure:16639: g++ -c -msse2 -mfpmath=sse -O2 -DNDEBUG   -I/usr/include/ffmpeg -I/usr/local/include conftest.cpp >&5
conftest.cpp:66:33: fatal error: libavformat/version.h: No such file or directory
 #include <libavformat/version.h>
                                 ^
compilation terminated.
configure:16639: $? = 1
configure: failed program was:
| /* confdefs.h */
| #define PACKAGE_NAME "sumo"
| #define PACKAGE_TARNAME "sumo"
| #define PACKAGE_VERSION "0.27.1"
| #define PACKAGE_STRING "sumo 0.27.1"
| #define PACKAGE_BUGREPORT ""
| #define PACKAGE_URL ""
| #define PACKAGE "sumo"
| #define VERSION "0.27.1"
| #define HAVE_SYS_TYPES_H 1
| #define HAVE_SYS_STAT_H 1
| #define HAVE_STDLIB_H 1
| #define HAVE_STRING_H 1
| #define HAVE_MEMORY_H 1
| #define HAVE_STRINGS_H 1
| #define HAVE_INTTYPES_H 1
| #define HAVE_STDINT_H 1
| #define HAVE_UNISTD_H 1
| #define HAVE_DLFCN_H 1
| #define LT_OBJDIR ".libs/"
| #define HAVE_INTERNAL_LANES 1
| #define SUMOReal double
| #define POSITION_EPS (SUMOReal)0.1
| #define NUMERICAL_EPS (SUMOReal)0.001
| #define OUTPUT_ACCURACY 2
| #define GEO_OUTPUT_ACCURACY 6
| #define VERSION_STRING "0.27.1"
| #define XERCES3_SIZE_t XMLSize_t
| #define HAVE_PROJ 1
| #define HAVE_GDAL 1
| #define HAVE_FOX 1
| /* end confdefs.h.  */
| #include <stdio.h>
| #ifdef HAVE_SYS_TYPES_H
| # include <sys/types.h>
| #endif
| #ifdef HAVE_SYS_STAT_H
| # include <sys/stat.h>
| #endif
| #ifdef STDC_HEADERS
| # include <stdlib.h>
| # include <stddef.h>
| #else
| # ifdef HAVE_STDLIB_H
| #  include <stdlib.h>
| # endif
| #endif
| #ifdef HAVE_STRING_H
| # if !defined STDC_HEADERS && defined HAVE_MEMORY_H
| #  include <memory.h>
| # endif
| # include <string.h>
| #endif
| #ifdef HAVE_STRINGS_H
| # include <strings.h>
| #endif
| #ifdef HAVE_INTTYPES_H
| # include <inttypes.h>
| #endif
| #ifdef HAVE_STDINT_H
| # include <stdint.h>
| #endif
| #ifdef HAVE_UNISTD_H
| # include <unistd.h>
| #endif
| #include <libavformat/version.h>
configure:16639: result: no
configure:16639: checking libavformat/version.h presence
configure:16639: g++ -E  -I/usr/include/ffmpeg -I/usr/local/include conftest.cpp
conftest.cpp:33:33: fatal error: libavformat/version.h: No such file or directory
 #include <libavformat/version.h>
                                 ^
compilation terminated.
configure:16639: $? = 1
configure: failed program was:
| /* confdefs.h */
| #define PACKAGE_NAME "sumo"
| #define PACKAGE_TARNAME "sumo"
| #define PACKAGE_VERSION "0.27.1"
| #define PACKAGE_STRING "sumo 0.27.1"
| #define PACKAGE_BUGREPORT ""
| #define PACKAGE_URL ""
| #define PACKAGE "sumo"
| #define VERSION "0.27.1"
| #define HAVE_SYS_TYPES_H 1
| #define HAVE_SYS_STAT_H 1
| #define HAVE_STDLIB_H 1
| #define HAVE_STRING_H 1
| #define HAVE_MEMORY_H 1
| #define HAVE_STRINGS_H 1
| #define HAVE_INTTYPES_H 1
| #define HAVE_STDINT_H 1
| #define HAVE_UNISTD_H 1
| #define HAVE_DLFCN_H 1
| #define LT_OBJDIR ".libs/"
| #define HAVE_INTERNAL_LANES 1
| #define SUMOReal double
| #define POSITION_EPS (SUMOReal)0.1
| #define NUMERICAL_EPS (SUMOReal)0.001
| #define OUTPUT_ACCURACY 2
| #define GEO_OUTPUT_ACCURACY 6
| #define VERSION_STRING "0.27.1"
| #define XERCES3_SIZE_t XMLSize_t
| #define HAVE_PROJ 1
| #define HAVE_GDAL 1
| #define HAVE_FOX 1
| /* end confdefs.h.  */
| #include <libavformat/version.h>
configure:16639: result: no
configure:16639: checking for libavformat/version.h
configure:16639: result: no
configure:16673: checking for size_t
configure:16673: g++ -c -msse2 -mfpmath=sse -O2 -DNDEBUG   conftest.cpp >&5
configure:16673: $? = 0
configure:16673: g++ -c -msse2 -mfpmath=sse -O2 -DNDEBUG   conftest.cpp >&5
conftest.cpp: In function 'int main()':
conftest.cpp:70:20: error: expected primary-expression before ')' token
 if (sizeof ((size_t)))
                    ^
configure:16673: $? = 1
configure: failed program was:
| /* confdefs.h */
| #define PACKAGE_NAME "sumo"
| #define PACKAGE_TARNAME "sumo"
| #define PACKAGE_VERSION "0.27.1"
| #define PACKAGE_STRING "sumo 0.27.1"
| #define PACKAGE_BUGREPORT ""
| #define PACKAGE_URL ""
| #define PACKAGE "sumo"
| #define VERSION "0.27.1"
| #define HAVE_SYS_TYPES_H 1
| #define HAVE_SYS_STAT_H 1
| #define HAVE_STDLIB_H 1
| #define HAVE_STRING_H 1
| #define HAVE_MEMORY_H 1
| #define HAVE_STRINGS_H 1
| #define HAVE_INTTYPES_H 1
| #define HAVE_STDINT_H 1
| #define HAVE_UNISTD_H 1
| #define HAVE_DLFCN_H 1
| #define LT_OBJDIR ".libs/"
| #define HAVE_INTERNAL_LANES 1
| #define SUMOReal double
| #define POSITION_EPS (SUMOReal)0.1
| #define NUMERICAL_EPS (SUMOReal)0.001
| #define OUTPUT_ACCURACY 2
| #define GEO_OUTPUT_ACCURACY 6
| #define VERSION_STRING "0.27.1"
| #define XERCES3_SIZE_t XMLSize_t
| #define HAVE_PROJ 1
| #define HAVE_GDAL 1
| #define HAVE_FOX 1
| #define HAVE_ENABLED "i686-pc-linux-gnu InternalLanes DoublePrecision TRACI PROJ GDAL GUI"
| /* end confdefs.h.  */
| #include <stdio.h>
| #ifdef HAVE_SYS_TYPES_H
| # include <sys/types.h>
| #endif
| #ifdef HAVE_SYS_STAT_H
| # include <sys/stat.h>
| #endif
| #ifdef STDC_HEADERS
| # include <stdlib.h>
| # include <stddef.h>
| #else
| # ifdef HAVE_STDLIB_H
| #  include <stdlib.h>
| # endif
| #endif
| #ifdef HAVE_STRING_H
| # if !defined STDC_HEADERS && defined HAVE_MEMORY_H
| #  include <memory.h>
| # endif
| # include <string.h>
| #endif
| #ifdef HAVE_STRINGS_H
| # include <strings.h>
| #endif
| #ifdef HAVE_INTTYPES_H
| # include <inttypes.h>
| #endif
| #ifdef HAVE_STDINT_H
| # include <stdint.h>
| #endif
| #ifdef HAVE_UNISTD_H
| # include <unistd.h>
| #endif
| int
| main ()
| {
| if (sizeof ((size_t)))
| 	    return 0;
|   ;
|   return 0;
| }
configure:16673: result: yes
configure:16686: checking for working alloca.h
configure:16703: g++ -o conftest -msse2 -mfpmath=sse -O2 -DNDEBUG    conftest.cpp  >&5
configure:16703: $? = 0
configure:16711: result: yes
configure:16719: checking for alloca
configure:16756: g++ -o conftest -msse2 -mfpmath=sse -O2 -DNDEBUG    conftest.cpp  >&5
configure:16756: $? = 0
configure:16764: result: yes
configure:16870: checking for ANSI C header files
configure:16974: result: no
configure:16985: checking float.h usability
configure:16985: g++ -c -msse2 -mfpmath=sse -O2 -DNDEBUG   conftest.cpp >&5
configure:16985: $? = 0
configure:16985: result: yes
configure:16985: checking float.h presence
configure:16985: g++ -E  conftest.cpp
configure:16985: $? = 0
configure:16985: result: yes
configure:16985: checking for float.h
configure:16985: result: yes
configure:16985: checking limits.h usability
configure:16985: g++ -c -msse2 -mfpmath=sse -O2 -DNDEBUG   conftest.cpp >&5
configure:16985: $? = 0
configure:16985: result: yes
configure:16985: checking limits.h presence
configure:16985: g++ -E  conftest.cpp
configure:16985: $? = 0
configure:16985: result: yes
configure:16985: checking for limits.h
configure:16985: result: yes
configure:16985: checking malloc.h usability
configure:16985: g++ -c -msse2 -mfpmath=sse -O2 -DNDEBUG   conftest.cpp >&5
configure:16985: $? = 0
configure:16985: result: yes
configure:16985: checking malloc.h presence
configure:16985: g++ -E  conftest.cpp
configure:16985: $? = 0
configure:16985: result: yes
configure:16985: checking for malloc.h
configure:16985: result: yes
configure:16985: checking math.h usability
configure:16985: g++ -c -msse2 -mfpmath=sse -O2 -DNDEBUG   conftest.cpp >&5
configure:16985: $? = 0
configure:16985: result: yes
configure:16985: checking math.h presence
configure:16985: g++ -E  conftest.cpp
configure:16985: $? = 0
configure:16985: result: yes
configure:16985: checking for math.h
configure:16985: result: yes
configure:16985: checking stddef.h usability
configure:16985: g++ -c -msse2 -mfpmath=sse -O2 -DNDEBUG   conftest.cpp >&5
configure:16985: $? = 0
configure:16985: result: yes
configure:16985: checking stddef.h presence
configure:16985: g++ -E  conftest.cpp
configure:16985: $? = 0
configure:16985: result: yes
configure:16985: checking for stddef.h
configure:16985: result: yes
configure:16985: checking for stdlib.h
configure:16985: result: yes
configure:16985: checking for string.h
configure:16985: result: yes
configure:16985: checking sys/time.h usability
configure:16985: g++ -c -msse2 -mfpmath=sse -O2 -DNDEBUG   conftest.cpp >&5
configure:16985: $? = 0
configure:16985: result: yes
configure:16985: checking sys/time.h presence
configure:16985: g++ -E  conftest.cpp
configure:16985: $? = 0
configure:16985: result: yes
configure:16985: checking for sys/time.h
configure:16985: result: yes
configure:16985: checking for unistd.h
configure:16985: result: yes
configure:16985: checking wchar.h usability
configure:16985: g++ -c -msse2 -mfpmath=sse -O2 -DNDEBUG   conftest.cpp >&5
configure:16985: $? = 0
configure:16985: result: yes
configure:16985: checking wchar.h presence
configure:16985: g++ -E  conftest.cpp
configure:16985: $? = 0
configure:16985: result: yes
configure:16985: checking for wchar.h
configure:16985: result: yes
configure:16996: checking for stdbool.h that conforms to C99
configure:17063: g++ -c -msse2 -mfpmath=sse -O2 -DNDEBUG   conftest.cpp >&5
configure:17063: $? = 0
configure:17070: result: yes
configure:17072: checking for _Bool
configure:17072: g++ -c -msse2 -mfpmath=sse -O2 -DNDEBUG   conftest.cpp >&5
conftest.cpp: In function 'int main()':
conftest.cpp:82:13: error: '_Bool' was not declared in this scope
 if (sizeof (_Bool))
             ^
configure:17072: $? = 1
configure: failed program was:
| /* confdefs.h */
| #define PACKAGE_NAME "sumo"
| #define PACKAGE_TARNAME "sumo"
| #define PACKAGE_VERSION "0.27.1"
| #define PACKAGE_STRING "sumo 0.27.1"
| #define PACKAGE_BUGREPORT ""
| #define PACKAGE_URL ""
| #define PACKAGE "sumo"
| #define VERSION "0.27.1"
| #define HAVE_SYS_TYPES_H 1
| #define HAVE_SYS_STAT_H 1
| #define HAVE_STDLIB_H 1
| #define HAVE_STRING_H 1
| #define HAVE_MEMORY_H 1
| #define HAVE_STRINGS_H 1
| #define HAVE_INTTYPES_H 1
| #define HAVE_STDINT_H 1
| #define HAVE_UNISTD_H 1
| #define HAVE_DLFCN_H 1
| #define LT_OBJDIR ".libs/"
| #define HAVE_INTERNAL_LANES 1
| #define SUMOReal double
| #define POSITION_EPS (SUMOReal)0.1
| #define NUMERICAL_EPS (SUMOReal)0.001
| #define OUTPUT_ACCURACY 2
| #define GEO_OUTPUT_ACCURACY 6
| #define VERSION_STRING "0.27.1"
| #define XERCES3_SIZE_t XMLSize_t
| #define HAVE_PROJ 1
| #define HAVE_GDAL 1
| #define HAVE_FOX 1
| #define HAVE_ENABLED "i686-pc-linux-gnu InternalLanes DoublePrecision TRACI PROJ GDAL GUI"
| #define HAVE_ALLOCA_H 1
| #define HAVE_ALLOCA 1
| #define HAVE_FLOAT_H 1
| #define HAVE_LIMITS_H 1
| #define HAVE_MALLOC_H 1
| #define HAVE_MATH_H 1
| #define HAVE_STDDEF_H 1
| #define HAVE_STDLIB_H 1
| #define HAVE_STRING_H 1
| #define HAVE_SYS_TIME_H 1
| #define HAVE_UNISTD_H 1
| #define HAVE_WCHAR_H 1
| /* end confdefs.h.  */
| #include <stdio.h>
| #ifdef HAVE_SYS_TYPES_H
| # include <sys/types.h>
| #endif
| #ifdef HAVE_SYS_STAT_H
| # include <sys/stat.h>
| #endif
| #ifdef STDC_HEADERS
| # include <stdlib.h>
| # include <stddef.h>
| #else
| # ifdef HAVE_STDLIB_H
| #  include <stdlib.h>
| # endif
| #endif
| #ifdef HAVE_STRING_H
| # if !defined STDC_HEADERS && defined HAVE_MEMORY_H
| #  include <memory.h>
| # endif
| # include <string.h>
| #endif
| #ifdef HAVE_STRINGS_H
| # include <strings.h>
| #endif
| #ifdef HAVE_INTTYPES_H
| # include <inttypes.h>
| #endif
| #ifdef HAVE_STDINT_H
| # include <stdint.h>
| #endif
| #ifdef HAVE_UNISTD_H
| # include <unistd.h>
| #endif
| int
| main ()
| {
| if (sizeof (_Bool))
| 	 return 0;
|   ;
|   return 0;
| }
configure:17072: result: no
configure:17089: checking for an ANSI C-conforming const
configure:17155: g++ -c -msse2 -mfpmath=sse -O2 -DNDEBUG   conftest.cpp >&5
configure:17155: $? = 0
configure:17162: result: yes
configure:17170: checking for inline
configure:17186: g++ -c -msse2 -mfpmath=sse -O2 -DNDEBUG   conftest.cpp >&5
configure:17186: $? = 0
configure:17194: result: inline
configure:17212: checking for size_t
configure:17212: result: yes
configure:17223: checking whether time.h and sys/time.h may both be included
configure:17243: g++ -c -msse2 -mfpmath=sse -O2 -DNDEBUG   conftest.cpp >&5
configure:17243: $? = 0
configure:17250: result: yes
configure:17258: checking whether struct tm is in sys/time.h or time.h
configure:17278: g++ -c -msse2 -mfpmath=sse -O2 -DNDEBUG   conftest.cpp >&5
configure:17278: $? = 0
configure:17285: result: time.h
configure:17293: checking for working volatile
configure:17312: g++ -c -msse2 -mfpmath=sse -O2 -DNDEBUG   conftest.cpp >&5
configure:17312: $? = 0
configure:17319: result: yes
configure:17328: checking for error_at_line
configure:17344: g++ -o conftest -msse2 -mfpmath=sse -O2 -DNDEBUG    conftest.cpp  >&5
configure:17344: $? = 0
configure:17352: result: yes
configure:17366: checking sys/select.h usability
configure:17366: g++ -c -msse2 -mfpmath=sse -O2 -DNDEBUG   conftest.cpp >&5
configure:17366: $? = 0
configure:17366: result: yes
configure:17366: checking sys/select.h presence
configure:17366: g++ -E  conftest.cpp
configure:17366: $? = 0
configure:17366: result: yes
configure:17366: checking for sys/select.h
configure:17366: result: yes
configure:17366: checking sys/socket.h usability
configure:17366: g++ -c -msse2 -mfpmath=sse -O2 -DNDEBUG   conftest.cpp >&5
configure:17366: $? = 0
configure:17366: result: yes
configure:17366: checking sys/socket.h presence
configure:17366: g++ -E  conftest.cpp
configure:17366: $? = 0
configure:17366: result: yes
configure:17366: checking for sys/socket.h
configure:17366: result: yes
configure:17376: checking types of arguments for select
configure:17404: g++ -c -msse2 -mfpmath=sse -O2 -DNDEBUG   conftest.cpp >&5
configure:17404: $? = 0
configure:17415: result: int,fd_set *,struct timeval *
configure:17438: checking return type of signal handlers
configure:17456: g++ -c -msse2 -mfpmath=sse -O2 -DNDEBUG   conftest.cpp >&5
conftest.cpp: In function 'int main()':
conftest.cpp:59:22: error: void value not ignored as it ought to be
 return *(signal (0, 0)) (0) == 1;
                      ^
configure:17456: $? = 1
configure: failed program was:
| /* confdefs.h */
| #define PACKAGE_NAME "sumo"
| #define PACKAGE_TARNAME "sumo"
| #define PACKAGE_VERSION "0.27.1"
| #define PACKAGE_STRING "sumo 0.27.1"
| #define PACKAGE_BUGREPORT ""
| #define PACKAGE_URL ""
| #define PACKAGE "sumo"
| #define VERSION "0.27.1"
| #define HAVE_SYS_TYPES_H 1
| #define HAVE_SYS_STAT_H 1
| #define HAVE_STDLIB_H 1
| #define HAVE_STRING_H 1
| #define HAVE_MEMORY_H 1
| #define HAVE_STRINGS_H 1
| #define HAVE_INTTYPES_H 1
| #define HAVE_STDINT_H 1
| #define HAVE_UNISTD_H 1
| #define HAVE_DLFCN_H 1
| #define LT_OBJDIR ".libs/"
| #define HAVE_INTERNAL_LANES 1
| #define SUMOReal double
| #define POSITION_EPS (SUMOReal)0.1
| #define NUMERICAL_EPS (SUMOReal)0.001
| #define OUTPUT_ACCURACY 2
| #define GEO_OUTPUT_ACCURACY 6
| #define VERSION_STRING "0.27.1"
| #define XERCES3_SIZE_t XMLSize_t
| #define HAVE_PROJ 1
| #define HAVE_GDAL 1
| #define HAVE_FOX 1
| #define HAVE_ENABLED "i686-pc-linux-gnu InternalLanes DoublePrecision TRACI PROJ GDAL GUI"
| #define HAVE_ALLOCA_H 1
| #define HAVE_ALLOCA 1
| #define HAVE_FLOAT_H 1
| #define HAVE_LIMITS_H 1
| #define HAVE_MALLOC_H 1
| #define HAVE_MATH_H 1
| #define HAVE_STDDEF_H 1
| #define HAVE_STDLIB_H 1
| #define HAVE_STRING_H 1
| #define HAVE_SYS_TIME_H 1
| #define HAVE_UNISTD_H 1
| #define HAVE_WCHAR_H 1
| #define HAVE_STDBOOL_H 1
| #define TIME_WITH_SYS_TIME 1
| #define HAVE_SYS_SELECT_H 1
| #define HAVE_SYS_SOCKET_H 1
| #define SELECT_TYPE_ARG1 int
| #define SELECT_TYPE_ARG234 (fd_set *)
| #define SELECT_TYPE_ARG5 (struct timeval *)
| /* end confdefs.h.  */
| #include <sys/types.h>
| #include <signal.h>
| 
| int
| main ()
| {
| return *(signal (0, 0)) (0) == 1;
|   ;
|   return 0;
| }
configure:17463: result: void
configure:17471: checking whether lstat correctly handles trailing slash
configure:17497: g++ -o conftest -msse2 -mfpmath=sse -O2 -DNDEBUG    conftest.cpp  >&5
configure:17497: $? = 0
configure:17497: ./conftest
configure:17497: $? = 0
configure:17514: result: yes
configure:17533: checking whether stat accepts an empty string
configure:17553: g++ -o conftest -msse2 -mfpmath=sse -O2 -DNDEBUG    conftest.cpp  >&5
configure:17553: $? = 0
configure:17553: ./conftest
configure:17553: $? = 0
configure:17563: result: no
configure:17582: checking for floor
configure:17582: g++ -o conftest -msse2 -mfpmath=sse -O2 -DNDEBUG    conftest.cpp  >&5
configure:17582: $? = 0
configure:17582: result: yes
configure:17582: checking for getcwd
configure:17582: g++ -o conftest -msse2 -mfpmath=sse -O2 -DNDEBUG    conftest.cpp  >&5
configure:17582: $? = 0
configure:17582: result: yes
configure:17582: checking for gettimeofday
configure:17582: g++ -o conftest -msse2 -mfpmath=sse -O2 -DNDEBUG    conftest.cpp  >&5
configure:17582: $? = 0
configure:17582: result: yes
configure:17582: checking for memset
configure:17582: g++ -o conftest -msse2 -mfpmath=sse -O2 -DNDEBUG    conftest.cpp  >&5
configure:17582: $? = 0
configure:17582: result: yes
configure:17582: checking for pow
configure:17582: g++ -o conftest -msse2 -mfpmath=sse -O2 -DNDEBUG    conftest.cpp  >&5
configure:17582: $? = 0
configure:17582: result: yes
configure:17582: checking for select
configure:17582: g++ -o conftest -msse2 -mfpmath=sse -O2 -DNDEBUG    conftest.cpp  >&5
configure:17582: $? = 0
configure:17582: result: yes
configure:17582: checking for socket
configure:17582: g++ -o conftest -msse2 -mfpmath=sse -O2 -DNDEBUG    conftest.cpp  >&5
configure:17582: $? = 0
configure:17582: result: yes
configure:17582: checking for sqrt
configure:17582: g++ -o conftest -msse2 -mfpmath=sse -O2 -DNDEBUG    conftest.cpp  >&5
configure:17582: $? = 0
configure:17582: result: yes
configure:17704: checking that generated files are newer than configure
configure:17710: result: done
configure:17757: creating ./config.status

## ---------------------- ##
## Running config.status. ##
## ---------------------- ##

This file was extended by sumo config.status 0.27.1, which was
generated by GNU Autoconf 2.69.  Invocation command line was

  CONFIG_FILES    = 
  CONFIG_HEADERS  = 
  CONFIG_LINKS    = 
  CONFIG_COMMANDS = 
  $ ./config.status 

on ubuntu

config.status:1300: creating src/Makefile
config.status:1300: creating src/activitygen/Makefile
config.status:1300: creating src/activitygen/activities/Makefile
config.status:1300: creating src/activitygen/city/Makefile
config.status:1300: creating src/foreign/Makefile
config.status:1300: creating src/foreign/eulerspiral/Makefile
config.status:1300: creating src/foreign/gl2ps/Makefile
config.status:1300: creating src/foreign/mersenne/Makefile
config.status:1300: creating src/foreign/nvwa/Makefile
config.status:1300: creating src/foreign/PHEMlight/Makefile
config.status:1300: creating src/foreign/PHEMlight/cpp/Makefile
config.status:1300: creating src/foreign/polyfonts/Makefile
config.status:1300: creating src/foreign/rtree/Makefile
config.status:1300: creating src/foreign/tcpip/Makefile
config.status:1300: creating src/gui/Makefile
config.status:1300: creating src/gui/dialogs/Makefile
config.status:1300: creating src/guinetload/Makefile
config.status:1300: creating src/guisim/Makefile
config.status:1300: creating src/microsim/Makefile
config.status:1300: creating src/microsim/actions/Makefile
config.status:1300: creating src/microsim/cfmodels/Makefile
config.status:1300: creating src/microsim/devices/Makefile
config.status:1300: creating src/microsim/lcmodels/Makefile
config.status:1300: creating src/microsim/logging/Makefile
config.status:1300: creating src/microsim/output/Makefile
config.status:1300: creating src/microsim/pedestrians/Makefile
config.status:1300: creating src/microsim/traffic_lights/Makefile
config.status:1300: creating src/microsim/trigger/Makefile
config.status:1300: creating src/marouter/Makefile
config.status:1300: creating src/netbuild/Makefile
config.status:1300: creating src/netedit/Makefile
config.status:1300: creating src/mesogui/Makefile
config.status:1300: creating src/mesosim/Makefile
config.status:1300: creating src/osgview/Makefile
config.status:1300: creating src/netgen/Makefile
config.status:1300: creating src/netimport/Makefile
config.status:1300: creating src/netimport/vissim/Makefile
config.status:1300: creating src/netimport/vissim/tempstructs/Makefile
config.status:1300: creating src/netimport/vissim/typeloader/Makefile
config.status:1300: creating src/netload/Makefile
config.status:1300: creating src/netwrite/Makefile
config.status:1300: creating src/od/Makefile
config.status:1300: creating src/polyconvert/Makefile
config.status:1300: creating src/router/Makefile
config.status:1300: creating src/dfrouter/Makefile
config.status:1300: creating src/duarouter/Makefile
config.status:1300: creating src/jtrrouter/Makefile
config.status:1300: creating src/tools/Makefile
config.status:1300: creating src/traci_testclient/Makefile
config.status:1300: creating src/traci-server/Makefile
config.status:1300: creating src/utils/Makefile
config.status:1300: creating src/utils/common/Makefile
config.status:1300: creating src/utils/distribution/Makefile
config.status:1300: creating src/utils/emissions/Makefile
config.status:1300: creating src/utils/foxtools/Makefile
config.status:1300: creating src/utils/geom/Makefile
config.status:1300: creating src/utils/gui/Makefile
config.status:1300: creating src/utils/gui/div/Makefile
config.status:1300: creating src/utils/gui/events/Makefile
config.status:1300: creating src/utils/gui/globjects/Makefile
config.status:1300: creating src/utils/gui/images/Makefile
config.status:1300: creating src/utils/gui/settings/Makefile
config.status:1300: creating src/utils/gui/tracker/Makefile
config.status:1300: creating src/utils/gui/windows/Makefile
config.status:1300: creating src/utils/importio/Makefile
config.status:1300: creating src/utils/iodevices/Makefile
config.status:1300: creating src/utils/options/Makefile
config.status:1300: creating src/utils/shapes/Makefile
config.status:1300: creating src/utils/traci/Makefile
config.status:1300: creating src/utils/vehicle/Makefile
config.status:1300: creating src/utils/xml/Makefile
config.status:1300: creating unittest/Makefile
config.status:1300: creating unittest/src/Makefile
config.status:1300: creating unittest/src/microsim/Makefile
config.status:1300: creating unittest/src/netbuild/Makefile
config.status:1300: creating unittest/src/utils/Makefile
config.status:1300: creating unittest/src/utils/common/Makefile
config.status:1300: creating unittest/src/utils/foxtools/Makefile
config.status:1300: creating unittest/src/utils/geom/Makefile
config.status:1300: creating unittest/src/utils/iodevices/Makefile
config.status:1300: creating bin/Makefile
config.status:1300: creating Makefile
config.status:1300: creating src/config.h
config.status:1529: executing depfiles commands
config.status:1529: executing libtool commands
configure:20329: result: 
configure:20331: result: Optional features summary
configure:20333: result: -------------------------
configure:20335: result: Enabled: InternalLanes DoublePrecision TRACI PROJ GDAL GUI
configure:20337: result: Disabled: Debug Profiling Coverage MemoryChecks UnitTests Python OSG ffmpeg

## ---------------- ##
## Cache variables. ##
## ---------------- ##

ac_cv_build=i686-pc-linux-gnu
ac_cv_c_compiler_gnu=yes
ac_cv_c_const=yes
ac_cv_c_inline=inline
ac_cv_c_volatile=yes
ac_cv_cxx_compiler_gnu=yes
ac_cv_env_CCC_set=
ac_cv_env_CCC_value=
ac_cv_env_CC_set=
ac_cv_env_CC_value=
ac_cv_env_CFLAGS_set=
ac_cv_env_CFLAGS_value=
ac_cv_env_CPPFLAGS_set=
ac_cv_env_CPPFLAGS_value=
ac_cv_env_CPP_set=
ac_cv_env_CPP_value=
ac_cv_env_CXXCPP_set=
ac_cv_env_CXXCPP_value=
ac_cv_env_CXXFLAGS_set=
ac_cv_env_CXXFLAGS_value=
ac_cv_env_CXX_set=
ac_cv_env_CXX_value=
ac_cv_env_LDFLAGS_set=
ac_cv_env_LDFLAGS_value=
ac_cv_env_LIBS_set=
ac_cv_env_LIBS_value=
ac_cv_env_PKG_CONFIG_LIBDIR_set=
ac_cv_env_PKG_CONFIG_LIBDIR_value=
ac_cv_env_PKG_CONFIG_PATH_set=
ac_cv_env_PKG_CONFIG_PATH_value=
ac_cv_env_PKG_CONFIG_set=
ac_cv_env_PKG_CONFIG_value=
ac_cv_env_XERCES_CFLAGS_set=
ac_cv_env_XERCES_CFLAGS_value=
ac_cv_env_XERCES_LIBS_set=
ac_cv_env_XERCES_LIBS_value=
ac_cv_env_build_alias_set=
ac_cv_env_build_alias_value=
ac_cv_env_host_alias_set=
ac_cv_env_host_alias_value=
ac_cv_env_target_alias_set=
ac_cv_env_target_alias_value=
ac_cv_func_alloca_works=yes
ac_cv_func_floor=yes
ac_cv_func_getcwd=yes
ac_cv_func_gettimeofday=yes
ac_cv_func_lstat_dereferences_slashed_symlink=yes
ac_cv_func_memset=yes
ac_cv_func_pow=yes
ac_cv_func_select=yes
ac_cv_func_select_args='int,fd_set *,struct timeval *'
ac_cv_func_socket=yes
ac_cv_func_sqrt=yes
ac_cv_func_stat_empty_string_bug=no
ac_cv_header_dlfcn_h=yes
ac_cv_header_float_h=yes
ac_cv_header_fxver_h=yes
ac_cv_header_inttypes_h=yes
ac_cv_header_libavformat_version_h=no
ac_cv_header_limits_h=yes
ac_cv_header_malloc_h=yes
ac_cv_header_math_h=yes
ac_cv_header_memory_h=yes
ac_cv_header_ogr_api_h=yes
ac_cv_header_proj_api_h=yes
ac_cv_header_stdbool_h=yes
ac_cv_header_stdc=no
ac_cv_header_stddef_h=yes
ac_cv_header_stdint_h=yes
ac_cv_header_stdlib_h=yes
ac_cv_header_string_h=yes
ac_cv_header_strings_h=yes
ac_cv_header_sys_select_h=yes
ac_cv_header_sys_socket_h=yes
ac_cv_header_sys_stat_h=yes
ac_cv_header_sys_time_h=yes
ac_cv_header_sys_types_h=yes
ac_cv_header_time=yes
ac_cv_header_unistd_h=yes
ac_cv_header_wchar_h=yes
ac_cv_header_xercesc_util_XercesVersion_hpp=yes
ac_cv_host=i686-pc-linux-gnu
ac_cv_lib_error_at_line=yes
ac_cv_lib_proj_main=yes
ac_cv_lib_xerces_c___main=yes
ac_cv_objext=o
ac_cv_path_EGREP='/bin/grep -E'
ac_cv_path_FGREP='/bin/grep -F'
ac_cv_path_FOX_CONFIG=/usr/bin/fox-config
ac_cv_path_GDAL_CONFIG=/usr/bin/gdal-config
ac_cv_path_GREP=/bin/grep
ac_cv_path_SED=/bin/sed
ac_cv_path_ac_pt_PKG_CONFIG=/usr/bin/pkg-config
ac_cv_path_install='/usr/bin/install -c'
ac_cv_path_mkdir=/bin/mkdir
ac_cv_prog_AWK=mawk
ac_cv_prog_CPP='gcc -E'
ac_cv_prog_CXXCPP='g++ -E'
ac_cv_prog_ac_ct_AR=ar
ac_cv_prog_ac_ct_CC=gcc
ac_cv_prog_ac_ct_CXX=g++
ac_cv_prog_ac_ct_MANIFEST_TOOL=mt
ac_cv_prog_ac_ct_OBJDUMP=objdump
ac_cv_prog_ac_ct_RANLIB=ranlib
ac_cv_prog_ac_ct_STRIP=strip
ac_cv_prog_cc_c89=
ac_cv_prog_cc_g=yes
ac_cv_prog_cxx_g=yes
ac_cv_prog_make_make_set=yes
ac_cv_struct_tm=time.h
ac_cv_target=i686-pc-linux-gnu
ac_cv_type__Bool=no
ac_cv_type_signal=void
ac_cv_type_size_t=yes
ac_cv_working_alloca_h=yes
am_cv_CC_dependencies_compiler_type=gcc3
am_cv_CXX_dependencies_compiler_type=gcc3
am_cv_make_support_nested_variables=yes
am_cv_prog_tar_ustar=gnutar
lt_cv_ar_at_file=@
lt_cv_archive_cmds_need_lc=no
lt_cv_deplibs_check_method=pass_all
lt_cv_file_magic_cmd='$MAGIC_CMD'
lt_cv_file_magic_test_file=
lt_cv_ld_reload_flag=-r
lt_cv_nm_interface='BSD nm'
lt_cv_objdir=.libs
lt_cv_path_LD=/usr/bin/ld
lt_cv_path_LDCXX=/usr/bin/ld
lt_cv_path_NM='/usr/bin/nm -B'
lt_cv_path_mainfest_tool=no
lt_cv_prog_compiler_c_o=yes
lt_cv_prog_compiler_c_o_CXX=yes
lt_cv_prog_compiler_pic='-fPIC -DPIC'
lt_cv_prog_compiler_pic_CXX='-fPIC -DPIC'
lt_cv_prog_compiler_pic_works=yes
lt_cv_prog_compiler_pic_works_CXX=yes
lt_cv_prog_compiler_rtti_exceptions=no
lt_cv_prog_compiler_static_works=yes
lt_cv_prog_compiler_static_works_CXX=yes
lt_cv_prog_gnu_ld=yes
lt_cv_prog_gnu_ldcxx=yes
lt_cv_sharedlib_from_linklib_cmd='printf %s\n'
lt_cv_shlibpath_overrides_runpath=no
lt_cv_sys_global_symbol_pipe='sed -n -e '\''s/^.*[	 ]\([ABCDGIRSTW][ABCDGIRSTW]*\)[	 ][	 ]*\([_A-Za-z][_A-Za-z0-9]*\)$/\1 \2 \2/p'\'' | sed '\''/ __gnu_lto/d'\'''
lt_cv_sys_global_symbol_to_c_name_address='sed -n -e '\''s/^: \([^ ]*\)[ ]*$/  {\"\1\", (void *) 0},/p'\'' -e '\''s/^[ABCDGIRSTW]* \([^ ]*\) \([^ ]*\)$/  {"\2", (void *) \&\2},/p'\'''
lt_cv_sys_global_symbol_to_c_name_address_lib_prefix='sed -n -e '\''s/^: \([^ ]*\)[ ]*$/  {\"\1\", (void *) 0},/p'\'' -e '\''s/^[ABCDGIRSTW]* \([^ ]*\) \(lib[^ ]*\)$/  {"\2", (void *) \&\2},/p'\'' -e '\''s/^[ABCDGIRSTW]* \([^ ]*\) \([^ ]*\)$/  {"lib\2", (void *) \&\2},/p'\'''
lt_cv_sys_global_symbol_to_cdecl='sed -n -e '\''s/^T .* \(.*\)$/extern int \1();/p'\'' -e '\''s/^[ABCDGIRSTW]* .* \(.*\)$/extern char \1;/p'\'''
lt_cv_sys_max_cmd_len=1572864
lt_cv_to_host_file_cmd=func_convert_file_noop
lt_cv_to_tool_file_cmd=func_convert_file_noop
pkg_cv_XERCES_CFLAGS=' '
pkg_cv_XERCES_LIBS='-lxerces-c  '

## ----------------- ##
## Output variables. ##
## ----------------- ##

ACLOCAL='${SHELL} /home/charvakcpatel007/sumo-0.27.1/missing aclocal-1.13'
ALLOCA=''
AMDEPBACKSLASH='\'
AMDEP_FALSE='#'
AMDEP_TRUE=''
AMTAR='$${TAR-tar}'
AM_BACKSLASH='\'
AM_CPPFLAGS='-I/home/charvakcpatel007/sumo-0.27.1/./src -I/usr/include/fox-1.6 -I/usr/include/gdal -I/home/charvakcpatel007/include -I/home/charvakcpatel007/include '
AM_CXXFLAGS=''
AM_DEFAULT_V='$(AM_DEFAULT_VERBOSITY)'
AM_DEFAULT_VERBOSITY='1'
AM_V='$(V)'
AR='ar'
AUTOCONF='${SHELL} /home/charvakcpatel007/sumo-0.27.1/missing autoconf'
AUTOHEADER='${SHELL} /home/charvakcpatel007/sumo-0.27.1/missing autoheader'
AUTOMAKE='${SHELL} /home/charvakcpatel007/sumo-0.27.1/missing automake-1.13'
AWK='mawk'
CC='gcc'
CCDEPMODE='depmode=gcc3'
CFLAGS='-g -O2'
CHECK_MEMORY_LEAKS_FALSE=''
CHECK_MEMORY_LEAKS_TRUE='#'
CPP='gcc -E'
CPPFLAGS=''
CXX='g++'
CXXCPP='g++ -E'
CXXDEPMODE='depmode=gcc3'
CXXFLAGS='-msse2 -mfpmath=sse -O2 -DNDEBUG '
CYGPATH_W='echo'
DEFS='-DHAVE_CONFIG_H'
DEPDIR='.deps'
DLLTOOL='false'
DSYMUTIL=''
DUMPBIN=''
ECHO_C=''
ECHO_N='-n'
ECHO_T=''
EGREP='/bin/grep -E'
EXEEXT=''
FFMPEG_LIBS=''
FGREP='/bin/grep -F'
FOX_CONFIG='/usr/bin/fox-config'
FOX_LDFLAGS='-L/usr/lib/i386-linux-gnu -lFOX-1.6 -lX11 -lXext -lfreetype -lXft -lXcursor -lXrender -lXfixes -lfreetype -lfontconfig -lfreetype -lGL -lGLU -ldl -lpthread -lrt -ljpeg -lpng -ltiff -lz -lGLU -lGL'
GDAL_CONFIG='/usr/bin/gdal-config'
GDAL_LDFLAGS='-L/usr/lib -lgdal'
GREP='/bin/grep'
GTEST_CONFIG=''
GTEST_LDFLAGS=''
INSTALL_DATA='${INSTALL} -m 644'
INSTALL_PROGRAM='${INSTALL}'
INSTALL_SCRIPT='${INSTALL}'
INSTALL_STRIP_PROGRAM='$(install_sh) -c -s'
LD='/usr/bin/ld'
LDFLAGS=''
LIBOBJS=''
LIBS=''
LIBTOOL='$(SHELL) $(top_builddir)/libtool'
LIB_XERCES='xerces-c'
LIPO=''
LN_S='ln -s'
LTLIBOBJS=''
MAKEINFO='${SHELL} /home/charvakcpatel007/sumo-0.27.1/missing makeinfo'
MANIFEST_TOOL=':'
MKDIR_P='/bin/mkdir -p'
NM='/usr/bin/nm -B'
NMEDIT=''
OBJDUMP='objdump'
OBJEXT='o'
OSG_LIBS=''
OTOOL64=''
OTOOL=''
PACKAGE='sumo'
PACKAGE_BUGREPORT=''
PACKAGE_NAME='sumo'
PACKAGE_STRING='sumo 0.27.1'
PACKAGE_TARNAME='sumo'
PACKAGE_URL=''
PACKAGE_VERSION='0.27.1'
PATH_SEPARATOR=':'
PKG_CONFIG='/usr/bin/pkg-config'
PKG_CONFIG_LIBDIR=''
PKG_CONFIG_PATH=''
PROJ_LDFLAGS='-L/home/charvakcpatel007/lib -lproj'
PYTHON_LIBS=''
RANLIB='ranlib'
SED='/bin/sed'
SET_MAKE=''
SHELL='/bin/bash'
STRIP='strip'
TRACI_FALSE='#'
TRACI_TRUE=''
VERSION='0.27.1'
WITH_GTEST_FALSE=''
WITH_GTEST_TRUE='#'
WITH_GUI_FALSE='#'
WITH_GUI_TRUE=''
WITH_VERSION_H_FALSE=''
WITH_VERSION_H_TRUE='#'
XERCES_CFLAGS=' '
XERCES_LDFLAGS='-L/home/charvakcpatel007/lib'
XERCES_LIBS='-lxerces-c  '
ac_ct_AR='ar'
ac_ct_CC='gcc'
ac_ct_CXX='g++'
ac_ct_DUMPBIN=''
am__EXEEXT_FALSE=''
am__EXEEXT_TRUE='#'
am__fastdepCC_FALSE='#'
am__fastdepCC_TRUE=''
am__fastdepCXX_FALSE='#'
am__fastdepCXX_TRUE=''
am__include='include'
am__isrc=''
am__leading_dot='.'
am__nodep='_no'
am__quote=''
am__tar='tar --format=ustar -chf - "$$tardir"'
am__untar='tar -xf -'
bindir='${exec_prefix}/bin'
build='i686-pc-linux-gnu'
build_alias=''
build_cpu='i686'
build_os='linux-gnu'
build_vendor='pc'
datadir='${datarootdir}'
datarootdir='${prefix}/share'
docdir='${datarootdir}/doc/${PACKAGE_TARNAME}'
dvidir='${docdir}'
exec_prefix='${prefix}'
host='i686-pc-linux-gnu'
host_alias=''
host_cpu='i686'
host_os='linux-gnu'
host_vendor='pc'
htmldir='${docdir}'
includedir='${prefix}/include'
infodir='${datarootdir}/info'
install_sh='${SHELL} /home/charvakcpatel007/sumo-0.27.1/install-sh'
libdir='${exec_prefix}/lib'
libexecdir='${exec_prefix}/libexec'
localedir='${datarootdir}/locale'
localstatedir='${prefix}/var'
mandir='${datarootdir}/man'
mkdir_p='$(MKDIR_P)'
oldincludedir='/usr/include'
pdfdir='${docdir}'
prefix='/usr/local'
program_transform_name='s,x,x,'
psdir='${docdir}'
sbindir='${exec_prefix}/sbin'
sharedstatedir='${prefix}/com'
sysconfdir='${prefix}/etc'
target='i686-pc-linux-gnu'
target_alias=''
target_cpu='i686'
target_os='linux-gnu'
target_vendor='pc'

## ----------- ##
## confdefs.h. ##
## ----------- ##

/* confdefs.h */
#define PACKAGE_NAME "sumo"
#define PACKAGE_TARNAME "sumo"
#define PACKAGE_VERSION "0.27.1"
#define PACKAGE_STRING "sumo 0.27.1"
#define PACKAGE_BUGREPORT ""
#define PACKAGE_URL ""
#define PACKAGE "sumo"
#define VERSION "0.27.1"
#define HAVE_SYS_TYPES_H 1
#define HAVE_SYS_STAT_H 1
#define HAVE_STDLIB_H 1
#define HAVE_STRING_H 1
#define HAVE_MEMORY_H 1
#define HAVE_STRINGS_H 1
#define HAVE_INTTYPES_H 1
#define HAVE_STDINT_H 1
#define HAVE_UNISTD_H 1
#define HAVE_DLFCN_H 1
#define LT_OBJDIR ".libs/"
#define HAVE_INTERNAL_LANES 1
#define SUMOReal double
#define POSITION_EPS (SUMOReal)0.1
#define NUMERICAL_EPS (SUMOReal)0.001
#define OUTPUT_ACCURACY 2
#define GEO_OUTPUT_ACCURACY 6
#define VERSION_STRING "0.27.1"
#define XERCES3_SIZE_t XMLSize_t
#define HAVE_PROJ 1
#define HAVE_GDAL 1
#define HAVE_FOX 1
#define HAVE_ENABLED "i686-pc-linux-gnu InternalLanes DoublePrecision TRACI PROJ GDAL GUI"
#define HAVE_ALLOCA_H 1
#define HAVE_ALLOCA 1
#define HAVE_FLOAT_H 1
#define HAVE_LIMITS_H 1
#define HAVE_MALLOC_H 1
#define HAVE_MATH_H 1
#define HAVE_STDDEF_H 1
#define HAVE_STDLIB_H 1
#define HAVE_STRING_H 1
#define HAVE_SYS_TIME_H 1
#define HAVE_UNISTD_H 1
#define HAVE_WCHAR_H 1
#define HAVE_STDBOOL_H 1
#define TIME_WITH_SYS_TIME 1
#define HAVE_SYS_SELECT_H 1
#define HAVE_SYS_SOCKET_H 1
#define SELECT_TYPE_ARG1 int
#define SELECT_TYPE_ARG234 (fd_set *)
#define SELECT_TYPE_ARG5 (struct timeval *)
#define RETSIGTYPE void
#define LSTAT_FOLLOWS_SLASHED_SYMLINK 1
#define HAVE_FLOOR 1
#define HAVE_GETCWD 1
#define HAVE_GETTIMEOFDAY 1
#define HAVE_MEMSET 1
#define HAVE_POW 1
#define HAVE_SELECT 1
#define HAVE_SOCKET 1
#define HAVE_SQRT 1

configure: exit 0
