Build started 9/1/2016 7:55:36 PM.
     1>Project "C:\Users\Asus\Desktop\Minor\SimTram\build\msvc10\z_libutils_iodevices\z_libutils_iodevices.vcxproj" on node 5 (Build target(s)).
     1>PreBuildEvent:
         ..\..\..\tools\build\version.py
         :VCEnd
         unknown revision - svn dir 'None' not found
       ClCompile:
         C:\Program Files (x86)\Microsoft Visual Studio 12.0\VC\bin\CL.exe /c /I"C:\Users\Asus\Desktop\Minor\xerces-c-3.1.2\include" /I..\..\..\src /I..\..\..\src\foreign\msinttypes /I"C:\Users\Asus\Desktop\Minor\fox-1.6.50\include" /I"C:\Users\Asus\Desktop\Minor\release-1800-gdal-1-11-3-mapserver-6-4-2\include" /ZI /nologo /W4 /WX- /Od /Oy- /D "HAVE_ENABLED=\"Win32 Debug PROJ GDAL GUI Python\"" /D HAVE_FOX /D HAVE_PROJ /D HAVE_GDAL /Gm- /EHsc /RTC1 /MDd /GS /fp:precise /fp:except /Zc:wchar_t /Zc:forScope /Fo"Debug\\" /Fd"Debug\vc120.pdb" /Gd /TP /analyze- /errorReport:prompt ..\..\..\src\utils\iodevices\BinaryFormatter.cpp ..\..\..\src\utils\iodevices\BinaryInputDevice.cpp ..\..\..\src\utils\iodevices\OutputDevice.cpp ..\..\..\src\utils\iodevices\OutputDevice_CERR.cpp ..\..\..\src\utils\iodevices\OutputDevice_COUT.cpp ..\..\..\src\utils\iodevices\OutputDevice_File.cpp ..\..\..\src\utils\iodevices\OutputDevice_Network.cpp ..\..\..\src\utils\iodevices\OutputDevice_String.cpp ..\..\..\src\utils\iodevices\PlainXMLFormatter.cpp
         BinaryFormatter.cpp
         BinaryInputDevice.cpp
         OutputDevice.cpp
         OutputDevice_CERR.cpp
         OutputDevice_COUT.cpp
         OutputDevice_File.cpp
         OutputDevice_Network.cpp
     1>c:\users\asus\desktop\minor\simtram\src\utils\iodevices\outputdevice_network.cpp(54): warning C4127: conditional expression is constant
         OutputDevice_String.cpp
         PlainXMLFormatter.cpp
         Generating Code...
       Lib:
         C:\Program Files (x86)\Microsoft Visual Studio 12.0\VC\bin\Lib.exe /OUT:"Debug\z_libutils_iodevices.lib" /NOLOGO Debug\BinaryFormatter.obj
         Debug\BinaryInputDevice.obj
         Debug\OutputDevice.obj
         Debug\OutputDevice_CERR.obj
         Debug\OutputDevice_COUT.obj
         Debug\OutputDevice_File.obj
         Debug\OutputDevice_Network.obj
         Debug\OutputDevice_String.obj
         Debug\PlainXMLFormatter.obj
         z_libutils_iodevices.vcxproj -> C:\Users\Asus\Desktop\Minor\SimTram\build\msvc10\z_libutils_iodevices\Debug\z_libutils_iodevices.lib
     1>Done Building Project "C:\Users\Asus\Desktop\Minor\SimTram\build\msvc10\z_libutils_iodevices\z_libutils_iodevices.vcxproj" (Build target(s)).

Build succeeded.

Time Elapsed 00:00:21.48
