Build started 9/1/2016 7:57:24 PM.
     1>Project "C:\Users\Asus\Desktop\Minor\SimTram\build\msvc10\z_libutils_emissions\z_libutils_emissions.vcxproj" on node 4 (Build target(s)).
     1>PreBuildEvent:
         ..\..\..\tools\build\version.py
         :VCEnd
         unknown revision - svn dir 'None' not found
       ClCompile:
         C:\Program Files (x86)\Microsoft Visual Studio 12.0\VC\bin\CL.exe /c /I"C:\Users\Asus\Desktop\Minor\xerces-c-3.1.2\include" /I..\..\..\src /I..\..\..\src\foreign\msinttypes /I"C:\Users\Asus\Desktop\Minor\fox-1.6.50\include" /I"C:\Users\Asus\Desktop\Minor\release-1800-gdal-1-11-3-mapserver-6-4-2\include" /ZI /nologo /W4 /WX- /Od /Oy- /D "HAVE_ENABLED=\"Win32 Debug PROJ GDAL GUI Python\"" /D HAVE_FOX /D HAVE_PROJ /D HAVE_GDAL /Gm- /EHsc /RTC1 /MDd /GS /fp:precise /fp:except /Zc:wchar_t /Zc:forScope /Fo"Debug\\" /Fd"Debug\vc120.pdb" /Gd /TP /analyze- /errorReport:prompt ..\..\..\src\utils\emissions\HelpersHarmonoise.cpp ..\..\..\src\utils\emissions\HelpersHBEFA.cpp ..\..\..\src\utils\emissions\HelpersHBEFA3.cpp ..\..\..\src\utils\emissions\HelpersPHEMlight.cpp ..\..\..\src\utils\emissions\PHEMCEP.cpp ..\..\..\src\utils\emissions\PHEMCEPHandler.cpp ..\..\..\src\utils\emissions\PollutantsInterface.cpp
         HelpersHarmonoise.cpp
         HelpersHBEFA.cpp
         HelpersHBEFA3.cpp
         HelpersPHEMlight.cpp
         PHEMCEP.cpp
         PHEMCEPHandler.cpp
         PollutantsInterface.cpp
         Generating Code...
       Lib:
         C:\Program Files (x86)\Microsoft Visual Studio 12.0\VC\bin\Lib.exe /OUT:"Debug\z_libutils_emissions.lib" /NOLOGO Debug\HelpersHarmonoise.obj
         Debug\HelpersHBEFA.obj
         Debug\HelpersHBEFA3.obj
         Debug\HelpersPHEMlight.obj
         Debug\PHEMCEP.obj
         Debug\PHEMCEPHandler.obj
         Debug\PollutantsInterface.obj
         z_libutils_emissions.vcxproj -> C:\Users\Asus\Desktop\Minor\SimTram\build\msvc10\z_libutils_emissions\Debug\z_libutils_emissions.lib
     1>Done Building Project "C:\Users\Asus\Desktop\Minor\SimTram\build\msvc10\z_libutils_emissions\z_libutils_emissions.vcxproj" (Build target(s)).

Build succeeded.

Time Elapsed 00:00:13.31
