Build started 9/1/2016 7:57:49 PM.
     1>Project "C:\Users\Asus\Desktop\Minor\SimTram\build\msvc10\netgenerate\netgenerate.vcxproj" on node 2 (Build target(s)).
     1>PreBuildEvent:
         ..\..\..\tools\build\version.py
         :VCEnd
         unknown revision - svn dir 'None' not found
       ClCompile:
         C:\Program Files (x86)\Microsoft Visual Studio 12.0\VC\bin\CL.exe /c /I"C:\Users\Asus\Desktop\Minor\xerces-c-3.1.2\include" /I..\..\..\src /I..\..\..\src\foreign\msinttypes /I"C:\Users\Asus\Desktop\Minor\fox-1.6.50\include" /I"C:\Users\Asus\Desktop\Minor\release-1800-gdal-1-11-3-mapserver-6-4-2\include" /ZI /nologo /W4 /WX- /Od /Oy- /D "HAVE_ENABLED=\"Win32 Debug PROJ GDAL GUI Python\"" /D HAVE_FOX /D HAVE_PROJ /D HAVE_GDAL /Gm- /EHsc /RTC1 /MDd /GS /fp:precise /fp:except /Zc:wchar_t /Zc:forScope /Fo"Debug\\" /Fd"Debug\vc120.pdb" /Gd /TP /analyze- /errorReport:prompt ..\..\..\src\netgen\netgen_main.cpp ..\..\..\src\netgen\NGEdge.cpp ..\..\..\src\netgen\NGFrame.cpp ..\..\..\src\netgen\NGNet.cpp ..\..\..\src\netgen\NGNode.cpp ..\..\..\src\netgen\NGRandomNetBuilder.cpp
         netgen_main.cpp
         NGEdge.cpp
         NGFrame.cpp
         NGNet.cpp
         NGNode.cpp
         NGRandomNetBuilder.cpp
         Generating Code...
       Link:
         C:\Program Files (x86)\Microsoft Visual Studio 12.0\VC\bin\link.exe /ERRORREPORT:PROMPT /OUT:"Debug\netgenerateD.exe" /NOLOGO "C:\Users\Asus\Desktop\Minor\release-1800-gdal-1-11-3-mapserver-6-4-2\lib\proj_i.lib" "C:\Users\Asus\Desktop\Minor\xerces-c-3.1.2\lib\xerces-c_3D.lib" "C:\Users\Asus\Desktop\Minor\release-1800-gdal-1-11-3-mapserver-6-4-2\lib\gdal_i.lib" ws2_32.lib /MANIFEST /MANIFESTUAC:"level='asInvoker' uiAccess='false'" /manifest:embed /DEBUG /PDB:"Debug\netgenerateD.pdb" /TLBID:1 /DYNAMICBASE /NXCOMPAT /IMPLIB:"Debug\netgenerateD.lib" /MACHINE:X86 /SAFESEH Debug\netgen_main.obj
         Debug\NGEdge.obj
         Debug\NGFrame.obj
         Debug\NGNet.obj
         Debug\NGNode.obj
         Debug\NGRandomNetBuilder.obj
         C:\Users\Asus\Desktop\Minor\SimTram\build\msvc10\y_libnetbuild\Debug\y_libnetbuild.lib
         C:\Users\Asus\Desktop\Minor\SimTram\build\msvc10\y_libnetwrite\Debug\y_libnetwrite.lib
         C:\Users\Asus\Desktop\Minor\SimTram\build\msvc10\zz_foreign_nvwa\Debug\zz_foreign_nvwa.lib
         C:\Users\Asus\Desktop\Minor\SimTram\build\msvc10\zz_foreign_tcpip\Debug\zz_foreign_tcpip.lib
         C:\Users\Asus\Desktop\Minor\SimTram\build\msvc10\z_libutils_common\Debug\z_libutils_common.lib
         C:\Users\Asus\Desktop\Minor\SimTram\build\msvc10\z_libutils_geom\Debug\z_libutils_geom.lib
         C:\Users\Asus\Desktop\Minor\SimTram\build\msvc10\z_libutils_iodevices\Debug\z_libutils_iodevices.lib
         C:\Users\Asus\Desktop\Minor\SimTram\build\msvc10\z_libutils_options\Debug\z_libutils_options.lib
         C:\Users\Asus\Desktop\Minor\SimTram\build\msvc10\z_libutils_xml\Debug\z_libutils_xml.lib
     1>netgen_main.obj : warning LNK4075: ignoring '/EDITANDCONTINUE' due to '/SAFESEH' specification
            Creating library Debug\netgenerateD.lib and object Debug\netgenerateD.exp
         netgenerate.vcxproj -> C:\Users\Asus\Desktop\Minor\SimTram\build\msvc10\netgenerate\Debug\netgenerateD.exe
       PostBuildEvent:
         xcopy /Y C:\Users\Asus\Desktop\Minor\SimTram\build\msvc10\netgenerate\Debug\netgenerateD.exe ..\..\..\bin\
         :VCEnd
         C:\Users\Asus\Desktop\Minor\SimTram\build\msvc10\netgenerate\Debug\netgenerateD.exe
         1 File(s) copied
     1>Done Building Project "C:\Users\Asus\Desktop\Minor\SimTram\build\msvc10\netgenerate\netgenerate.vcxproj" (Build target(s)).

Build succeeded.

Time Elapsed 00:00:36.12
