Build started 9/1/2016 7:56:27 PM.
     1>Project "C:\Users\Asus\Desktop\Minor\SimTram\build\msvc10\z_libutils_gui_images\z_libutils_gui_images.vcxproj" on node 3 (Build target(s)).
     1>PreBuildEvent:
         ..\..\..\tools\build\version.py
         :VCEnd
         unknown revision - svn dir 'None' not found
       ClCompile:
         C:\Program Files (x86)\Microsoft Visual Studio 12.0\VC\bin\CL.exe /c /I"C:\Users\Asus\Desktop\Minor\xerces-c-3.1.2\include" /I..\..\..\src /I..\..\..\src\foreign\msinttypes /I"C:\Users\Asus\Desktop\Minor\fox-1.6.50\include" /I"C:\Users\Asus\Desktop\Minor\release-1800-gdal-1-11-3-mapserver-6-4-2\include" /ZI /nologo /W4 /WX- /Od /Oy- /D "HAVE_ENABLED=\"Win32 Debug PROJ GDAL GUI Python\"" /D HAVE_FOX /D HAVE_PROJ /D HAVE_GDAL /Gm- /EHsc /RTC1 /MDd /GS /fp:precise /fp:except /Zc:wchar_t /Zc:forScope /Fo"Debug\\" /Fd"Debug\vc120.pdb" /Gd /TP /analyze- /errorReport:prompt ..\..\..\src\utils\gui\images\flag.cpp ..\..\..\src\utils\gui\images\flag_minus.cpp ..\..\..\src\utils\gui\images\flag_plus.cpp ..\..\..\src\utils\gui\images\GNETexture_E1.cpp ..\..\..\src\utils\gui\images\GNETexture_E2.cpp ..\..\..\src\utils\gui\images\GNETexture_E3.cpp ..\..\..\src\utils\gui\images\GNETexture_E3Selected.cpp ..\..\..\src\utils\gui\images\GNETexture_Empty.cpp ..\..\..\src\utils\gui\images\GNETexture_EmptySelected.cpp ..\..\..\src\utils\gui\images\GNETexture_Entry.cpp ..\..\..\src\utils\gui\images\GNETexture_Exit.cpp ..\..\..\src\utils\gui\images\GNETexture_Lock.cpp ..\..\..\src\utils\gui\images\GNETexture_LockSelected.cpp ..\..\..\src\utils\gui\images\GNETexture_NotMoving.cpp ..\..\..\src\utils\gui\images\GNETexture_NotMovingSelected.cpp ..\..\..\src\utils\gui\images\GNETexture_Rerouter.cpp ..\..\..\src\utils\gui\images\GNETexture_RerouterSelected.cpp ..\..\..\src\utils\gui\images\GNETexture_RouteProbe.cpp ..\..\..\src\utils\gui\images\GNETexture_RouteProbeSelected.cpp ..\..\..\src\utils\gui\images\GNETexture_TLS.cpp ..\..\..\src\utils\gui\images\GNETexture_Vaporizer.cpp ..\..\..\src\utils\gui\images\GNETexture_VaporizerSelected.cpp ..\..\..\src\utils\gui\images\GNETexture_VariableSpeedSignal.cpp ..\..\..\src\utils\gui\images\GNETexture_VariableSpeedSignalSelected.cpp ..\..\..\src\utils\gui\images\GUIIconSubSys.cpp ..\..\..\src\utils\gui\images\GUITexturesHelper.cpp ..\..\..\src\utils\gui\images\GUITextureSubSys.cpp ..\..\..\src\utils\gui\images\manip.cpp
         flag.cpp
         flag_minus.cpp
         flag_plus.cpp
         GNETexture_E1.cpp
         GNETexture_E2.cpp
         GNETexture_E3.cpp
         GNETexture_E3Selected.cpp
         GNETexture_Empty.cpp
         GNETexture_EmptySelected.cpp
         GNETexture_Entry.cpp
         GNETexture_Exit.cpp
         GNETexture_Lock.cpp
         GNETexture_LockSelected.cpp
         GNETexture_NotMoving.cpp
         GNETexture_NotMovingSelected.cpp
         GNETexture_Rerouter.cpp
         GNETexture_RerouterSelected.cpp
         GNETexture_RouteProbe.cpp
         GNETexture_RouteProbeSelected.cpp
         GNETexture_TLS.cpp
         Generating Code...
         Compiling...
         GNETexture_Vaporizer.cpp
         GNETexture_VaporizerSelected.cpp
         GNETexture_VariableSpeedSignal.cpp
         GNETexture_VariableSpeedSignalSelected.cpp
         GUIIconSubSys.cpp
         GUITexturesHelper.cpp
         GUITextureSubSys.cpp
         manip.cpp
         Generating Code...
       Lib:
         C:\Program Files (x86)\Microsoft Visual Studio 12.0\VC\bin\Lib.exe /OUT:"Debug\z_libutils_gui_images.lib" /NOLOGO Debug\flag.obj
         Debug\flag_minus.obj
         Debug\flag_plus.obj
         Debug\GNETexture_E1.obj
         Debug\GNETexture_E2.obj
         Debug\GNETexture_E3.obj
         Debug\GNETexture_E3Selected.obj
         Debug\GNETexture_Empty.obj
         Debug\GNETexture_EmptySelected.obj
         Debug\GNETexture_Entry.obj
         Debug\GNETexture_Exit.obj
         Debug\GNETexture_Lock.obj
         Debug\GNETexture_LockSelected.obj
         Debug\GNETexture_NotMoving.obj
         Debug\GNETexture_NotMovingSelected.obj
         Debug\GNETexture_Rerouter.obj
         Debug\GNETexture_RerouterSelected.obj
         Debug\GNETexture_RouteProbe.obj
         Debug\GNETexture_RouteProbeSelected.obj
         Debug\GNETexture_TLS.obj
         Debug\GNETexture_Vaporizer.obj
         Debug\GNETexture_VaporizerSelected.obj
         Debug\GNETexture_VariableSpeedSignal.obj
         Debug\GNETexture_VariableSpeedSignalSelected.obj
         Debug\GUIIconSubSys.obj
         Debug\GUITexturesHelper.obj
         Debug\GUITextureSubSys.obj
         Debug\manip.obj
         z_libutils_gui_images.vcxproj -> C:\Users\Asus\Desktop\Minor\SimTram\build\msvc10\z_libutils_gui_images\Debug\z_libutils_gui_images.lib
     1>Done Building Project "C:\Users\Asus\Desktop\Minor\SimTram\build\msvc10\z_libutils_gui_images\z_libutils_gui_images.vcxproj" (Build target(s)).

Build succeeded.

Time Elapsed 00:00:08.62
