Build started 9/1/2016 7:57:10 PM.
     1>Project "C:\Users\Asus\Desktop\Minor\SimTram\build\msvc10\z_libnetimport_vissim\z_libnetimport_vissim.vcxproj" on node 3 (Build target(s)).
     1>PreBuildEvent:
         ..\..\..\tools\build\version.py
         :VCEnd
         unknown revision - svn dir 'None' not found
       ClCompile:
         C:\Program Files (x86)\Microsoft Visual Studio 12.0\VC\bin\CL.exe /c /I"C:\Users\Asus\Desktop\Minor\xerces-c-3.1.2\include" /I..\..\..\src /I..\..\..\src\foreign\msinttypes /I"C:\Users\Asus\Desktop\Minor\fox-1.6.50\include" /I"C:\Users\Asus\Desktop\Minor\release-1800-gdal-1-11-3-mapserver-6-4-2\include" /ZI /nologo /W4 /WX- /Od /Oy- /D "HAVE_ENABLED=\"Win32 Debug PROJ GDAL GUI Python\"" /D HAVE_FOX /D HAVE_PROJ /D HAVE_GDAL /Gm- /EHsc /RTC1 /MDd /GS /fp:precise /fp:except /Zc:wchar_t /Zc:forScope /Fo"Debug\\" /Fd"Debug\vc120.pdb" /Gd /TP /analyze- /errorReport:prompt ..\..\..\src\netimport\vissim\NIImporter_Vissim.cpp ..\..\..\src\netimport\vissim\tempstructs\NIVissimAbstractEdge.cpp ..\..\..\src\netimport\vissim\tempstructs\NIVissimBoundedClusterObject.cpp ..\..\..\src\netimport\vissim\tempstructs\NIVissimClosedLaneDef.cpp ..\..\..\src\netimport\vissim\tempstructs\NIVissimClosures.cpp ..\..\..\src\netimport\vissim\tempstructs\NIVissimConflictArea.cpp ..\..\..\src\netimport\vissim\tempstructs\NIVissimConnection.cpp ..\..\..\src\netimport\vissim\tempstructs\NIVissimConnectionCluster.cpp ..\..\..\src\netimport\vissim\tempstructs\NIVissimDistrictConnection.cpp ..\..\..\src\netimport\vissim\tempstructs\NIVissimDisturbance.cpp ..\..\..\src\netimport\vissim\tempstructs\NIVissimEdge.cpp ..\..\..\src\netimport\vissim\tempstructs\NIVissimEdgePosMap.cpp ..\..\..\src\netimport\vissim\tempstructs\NIVissimExtendedEdgePoint.cpp ..\..\..\src\netimport\vissim\tempstructs\NIVissimNodeCluster.cpp ..\..\..\src\netimport\vissim\tempstructs\NIVissimNodeDef.cpp ..\..\..\src\netimport\vissim\tempstructs\NIVissimNodeDef_Edges.cpp ..\..\..\src\netimport\vissim\tempstructs\NIVissimNodeDef_Poly.cpp ..\..\..\src\netimport\vissim\tempstructs\NIVissimNodeParticipatingEdge.cpp ..\..\..\src\netimport\vissim\typeloader\NIVissimSingleTypeParser__XKurvedefinition.cpp ..\..\..\src\netimport\vissim\typeloader\NIVissimSingleTypeParser__XVerteilungsdefinition.cpp ..\..\..\src\netimport\vissim\typeloader\NIVissimSingleTypeParser_Auswertungsdefinition.cpp ..\..\..\src\netimport\vissim\typeloader\NIVissimSingleTypeParser_Detektordefinition.cpp ..\..\..\src\netimport\vissim\typeloader\NIVissimSingleTypeParser_DynUml.cpp ..\..\..\src\netimport\vissim\typeloader\NIVissimSingleTypeParser_Einheitendefinition.cpp ..\..\..\src\netimport\vissim\typeloader\NIVissimSingleTypeParser_Emission.cpp ..\..\..\src\netimport\vissim\typeloader\NIVissimSingleTypeParser_Fahrtverlaufdateien.cpp ..\..\..\src\netimport\vissim\typeloader\NIVissimSingleTypeParser_Fahrverhaltendefinition.cpp ..\..\..\src\netimport\vissim\typeloader\NIVissimSingleTypeParser_Fahrzeugklassendefinition.cpp ..\..\..\src\netimport\vissim\typeloader\NIVissimSingleTypeParser_Fahrzeugtypdefinition.cpp ..\..\..\src\netimport\vissim\typeloader\NIVissimSingleTypeParser_Fensterdefinition.cpp ..\..\..\src\netimport\vissim\typeloader\NIVissimSingleTypeParser_Gefahrwarnungsdefinition.cpp ..\..\..\src\netimport\vissim\typeloader\NIVissimSingleTypeParser_Gelbverhaltendefinition.cpp ..\..\..\src\netimport\vissim\typeloader\NIVissimSingleTypeParser_Geschwindigkeitsverteilungsdefinition.cpp ..\..\..\src\netimport\vissim\typeloader\NIVissimSingleTypeParser_Haltestellendefinition.cpp ..\..\..\src\netimport\vissim\typeloader\NIVissimSingleTypeParser_Kantensperrung.cpp ..\..\..\src\netimport\vissim\typeloader\NIVissimSingleTypeParser_Kennungszeile.cpp ..\..\..\src\netimport\vissim\typeloader\NIVissimSingleTypeParser_Knotendefinition.cpp ..\..\..\src\netimport\vissim\typeloader\NIVissimSingleTypeParser_Laengenverteilungsdefinition.cpp ..\..\..\src\netimport\vissim\typeloader\NIVissimSingleTypeParser_Langsamfahrbereichdefinition.cpp ..\..\..\src\netimport\vissim\typeloader\NIVissimSingleTypeParser_Lichtsignalanlagendefinition.cpp ..\..\..\src\netimport\vissim\typeloader\NIVissimSingleTypeParser_Liniendefinition.cpp ..\..\..\src\netimport\vissim\typeloader\NIVissimSingleTypeParser_Linksverkehr.cpp ..\..\..\src\netimport\vissim\typeloader\NIVissimSingleTypeParser_LSAKopplungsdefinition.cpp ..\..\..\src\netimport\vissim\typeloader\NIVissimSingleTypeParser_Messungsdefinition.cpp ..\..\..\src\netimport\vissim\typeloader\NIVissimSingleTypeParser_Netzobjektdefinition.cpp ..\..\..\src\netimport\vissim\typeloader\NIVissimSingleTypeParser_Parkplatzdefinition.cpp ..\..\..\src\netimport\vissim\typeloader\NIVissimSingleTypeParser_Querschnittsmessungsdefinition.cpp ..\..\..\src\netimport\vissim\typeloader\NIVissimSingleTypeParser_Querverkehrsstoerungsdefinition.cpp ..\..\..\src\netimport\vissim\typeloader\NIVissimSingleTypeParser_Rautedefinition.cpp ..\..\..\src\netimport\vissim\typeloader\NIVissimSingleTypeParser_Reisezeitmessungsdefinition.cpp ..\..\..\src\netimport\vissim\typeloader\NIVissimSingleTypeParser_Richtungsentscheidungsdefinition.cpp ..\..\..\src\netimport\vissim\typeloader\NIVissimSingleTypeParser_Richtungspfeildefinition.cpp ..\..\..\src\netimport\vissim\typeloader\NIVissimSingleTypeParser_Routenentscheidungsdefinition.cpp ..\..\..\src\netimport\vissim\typeloader\NIVissimSingleTypeParser_Signalgeberdefinition.cpp ..\..\..\src\netimport\vissim\typeloader\NIVissimSingleTypeParser_Signalgruppendefinition.cpp ..\..\..\src\netimport\vissim\typeloader\NIVissimSingleTypeParser_Simdauer.cpp ..\..\..\src\netimport\vissim\typeloader\NIVissimSingleTypeParser_SimRate.cpp ..\..\..\src\netimport\vissim\typeloader\NIVissimSingleTypeParser_Startuhrzeit.cpp ..\..\..\src\netimport\vissim\typeloader\NIVissimSingleTypeParser_Startzufallszahl.cpp ..\..\..\src\netimport\vissim\typeloader\NIVissimSingleTypeParser_Stauparameterdefinition.cpp ..\..\..\src\netimport\vissim\typeloader\NIVissimSingleTypeParser_Stauzaehlerdefinition.cpp ..\..\..\src\netimport\vissim\typeloader\NIVissimSingleTypeParser_Stopschilddefinition.cpp ..\..\..\src\netimport\vissim\typeloader\NIVissimSingleTypeParser_Streckendefinition.cpp ..\..\..\src\netimport\vissim\typeloader\NIVissimSingleTypeParser_Streckentypdefinition.cpp ..\..\..\src\netimport\vissim\typeloader\NIVissimSingleTypeParser_TEAPACDefinition.cpp ..\..\..\src\netimport\vissim\typeloader\NIVissimSingleTypeParser_Verbindungsdefinition.cpp ..\..\..\src\netimport\vissim\typeloader\NIVissimSingleTypeParser_Verkehrszusammensetzungsdefinition.cpp ..\..\..\src\netimport\vissim\typeloader\NIVissimSingleTypeParser_Verlustzeitmessungsdefinition.cpp ..\..\..\src\netimport\vissim\typeloader\NIVissimSingleTypeParser_VWunschentscheidungsdefinition.cpp ..\..\..\src\netimport\vissim\typeloader\NIVissimSingleTypeParser_Zeitenverteilungsdefinition.cpp ..\..\..\src\netimport\vissim\typeloader\NIVissimSingleTypeParser_Zeitschrittfaktor.cpp ..\..\..\src\netimport\vissim\typeloader\NIVissimSingleTypeParser_Zuflussdefinition.cpp ..\..\..\src\netimport\vissim\typeloader\NIVissimSingleTypeParser_Zusammensetzungsdefinition.cpp ..\..\..\src\netimport\vissim\tempstructs\NIVissimSource.cpp ..\..\..\src\netimport\vissim\tempstructs\NIVissimTL.cpp ..\..\..\src\netimport\vissim\tempstructs\NIVissimTrafficDescription.cpp ..\..\..\src\netimport\vissim\tempstructs\NIVissimVehicleClass.cpp ..\..\..\src\netimport\vissim\tempstructs\NIVissimVehicleType.cpp ..\..\..\src\netimport\vissim\tempstructs\NIVissimVehTypeClass.cpp
         NIImporter_Vissim.cpp
         NIVissimAbstractEdge.cpp
         NIVissimBoundedClusterObject.cpp
         NIVissimClosedLaneDef.cpp
         NIVissimClosures.cpp
         NIVissimConflictArea.cpp
         NIVissimConnection.cpp
         NIVissimConnectionCluster.cpp
         NIVissimDistrictConnection.cpp
         NIVissimDisturbance.cpp
         NIVissimEdge.cpp
         NIVissimEdgePosMap.cpp
         NIVissimExtendedEdgePoint.cpp
         NIVissimNodeCluster.cpp
         NIVissimNodeDef.cpp
         NIVissimNodeDef_Edges.cpp
         NIVissimNodeDef_Poly.cpp
         NIVissimNodeParticipatingEdge.cpp
         NIVissimSingleTypeParser__XKurvedefinition.cpp
         NIVissimSingleTypeParser__XVerteilungsdefinition.cpp
         Generating Code...
         Compiling...
         NIVissimSingleTypeParser_Auswertungsdefinition.cpp
         NIVissimSingleTypeParser_Detektordefinition.cpp
         NIVissimSingleTypeParser_DynUml.cpp
         NIVissimSingleTypeParser_Einheitendefinition.cpp
         NIVissimSingleTypeParser_Emission.cpp
         NIVissimSingleTypeParser_Fahrtverlaufdateien.cpp
         NIVissimSingleTypeParser_Fahrverhaltendefinition.cpp
         NIVissimSingleTypeParser_Fahrzeugklassendefinition.cpp
         NIVissimSingleTypeParser_Fahrzeugtypdefinition.cpp
         NIVissimSingleTypeParser_Fensterdefinition.cpp
         NIVissimSingleTypeParser_Gefahrwarnungsdefinition.cpp
         NIVissimSingleTypeParser_Gelbverhaltendefinition.cpp
         NIVissimSingleTypeParser_Geschwindigkeitsverteilungsdefinition.cpp
         NIVissimSingleTypeParser_Haltestellendefinition.cpp
         NIVissimSingleTypeParser_Kantensperrung.cpp
         NIVissimSingleTypeParser_Kennungszeile.cpp
         NIVissimSingleTypeParser_Knotendefinition.cpp
         NIVissimSingleTypeParser_Laengenverteilungsdefinition.cpp
         NIVissimSingleTypeParser_Langsamfahrbereichdefinition.cpp
         NIVissimSingleTypeParser_Lichtsignalanlagendefinition.cpp
         Generating Code...
         Compiling...
         NIVissimSingleTypeParser_Liniendefinition.cpp
         NIVissimSingleTypeParser_Linksverkehr.cpp
         NIVissimSingleTypeParser_LSAKopplungsdefinition.cpp
         NIVissimSingleTypeParser_Messungsdefinition.cpp
         NIVissimSingleTypeParser_Netzobjektdefinition.cpp
         NIVissimSingleTypeParser_Parkplatzdefinition.cpp
         NIVissimSingleTypeParser_Querschnittsmessungsdefinition.cpp
         NIVissimSingleTypeParser_Querverkehrsstoerungsdefinition.cpp
         NIVissimSingleTypeParser_Rautedefinition.cpp
         NIVissimSingleTypeParser_Reisezeitmessungsdefinition.cpp
         NIVissimSingleTypeParser_Richtungsentscheidungsdefinition.cpp
         NIVissimSingleTypeParser_Richtungspfeildefinition.cpp
         NIVissimSingleTypeParser_Routenentscheidungsdefinition.cpp
         NIVissimSingleTypeParser_Signalgeberdefinition.cpp
         NIVissimSingleTypeParser_Signalgruppendefinition.cpp
         NIVissimSingleTypeParser_Simdauer.cpp
         NIVissimSingleTypeParser_SimRate.cpp
         NIVissimSingleTypeParser_Startuhrzeit.cpp
         NIVissimSingleTypeParser_Startzufallszahl.cpp
         NIVissimSingleTypeParser_Stauparameterdefinition.cpp
         Generating Code...
         Compiling...
         NIVissimSingleTypeParser_Stauzaehlerdefinition.cpp
         NIVissimSingleTypeParser_Stopschilddefinition.cpp
         NIVissimSingleTypeParser_Streckendefinition.cpp
         NIVissimSingleTypeParser_Streckentypdefinition.cpp
         NIVissimSingleTypeParser_TEAPACDefinition.cpp
         NIVissimSingleTypeParser_Verbindungsdefinition.cpp
         NIVissimSingleTypeParser_Verkehrszusammensetzungsdefinition.cpp
         NIVissimSingleTypeParser_Verlustzeitmessungsdefinition.cpp
         NIVissimSingleTypeParser_VWunschentscheidungsdefinition.cpp
         NIVissimSingleTypeParser_Zeitenverteilungsdefinition.cpp
         NIVissimSingleTypeParser_Zeitschrittfaktor.cpp
         NIVissimSingleTypeParser_Zuflussdefinition.cpp
         NIVissimSingleTypeParser_Zusammensetzungsdefinition.cpp
         NIVissimSource.cpp
         NIVissimTL.cpp
         NIVissimTrafficDescription.cpp
         NIVissimVehicleClass.cpp
         NIVissimVehicleType.cpp
         NIVissimVehTypeClass.cpp
         Generating Code...
       Lib:
         C:\Program Files (x86)\Microsoft Visual Studio 12.0\VC\bin\Lib.exe /OUT:"Debug\z_libnetimport_vissim.lib" /NOLOGO Debug\NIImporter_Vissim.obj
         Debug\NIVissimAbstractEdge.obj
         Debug\NIVissimBoundedClusterObject.obj
         Debug\NIVissimClosedLaneDef.obj
         Debug\NIVissimClosures.obj
         Debug\NIVissimConflictArea.obj
         Debug\NIVissimConnection.obj
         Debug\NIVissimConnectionCluster.obj
         Debug\NIVissimDistrictConnection.obj
         Debug\NIVissimDisturbance.obj
         Debug\NIVissimEdge.obj
         Debug\NIVissimEdgePosMap.obj
         Debug\NIVissimExtendedEdgePoint.obj
         Debug\NIVissimNodeCluster.obj
         Debug\NIVissimNodeDef.obj
         Debug\NIVissimNodeDef_Edges.obj
         Debug\NIVissimNodeDef_Poly.obj
         Debug\NIVissimNodeParticipatingEdge.obj
         Debug\NIVissimSingleTypeParser__XKurvedefinition.obj
         Debug\NIVissimSingleTypeParser__XVerteilungsdefinition.obj
         Debug\NIVissimSingleTypeParser_Auswertungsdefinition.obj
         Debug\NIVissimSingleTypeParser_Detektordefinition.obj
         Debug\NIVissimSingleTypeParser_DynUml.obj
         Debug\NIVissimSingleTypeParser_Einheitendefinition.obj
         Debug\NIVissimSingleTypeParser_Emission.obj
         Debug\NIVissimSingleTypeParser_Fahrtverlaufdateien.obj
         Debug\NIVissimSingleTypeParser_Fahrverhaltendefinition.obj
         Debug\NIVissimSingleTypeParser_Fahrzeugklassendefinition.obj
         Debug\NIVissimSingleTypeParser_Fahrzeugtypdefinition.obj
         Debug\NIVissimSingleTypeParser_Fensterdefinition.obj
         Debug\NIVissimSingleTypeParser_Gefahrwarnungsdefinition.obj
         Debug\NIVissimSingleTypeParser_Gelbverhaltendefinition.obj
         Debug\NIVissimSingleTypeParser_Geschwindigkeitsverteilungsdefinition.obj
         Debug\NIVissimSingleTypeParser_Haltestellendefinition.obj
         Debug\NIVissimSingleTypeParser_Kantensperrung.obj
         Debug\NIVissimSingleTypeParser_Kennungszeile.obj
         Debug\NIVissimSingleTypeParser_Knotendefinition.obj
         Debug\NIVissimSingleTypeParser_Laengenverteilungsdefinition.obj
         Debug\NIVissimSingleTypeParser_Langsamfahrbereichdefinition.obj
         Debug\NIVissimSingleTypeParser_Lichtsignalanlagendefinition.obj
         Debug\NIVissimSingleTypeParser_Liniendefinition.obj
         Debug\NIVissimSingleTypeParser_Linksverkehr.obj
         Debug\NIVissimSingleTypeParser_LSAKopplungsdefinition.obj
         Debug\NIVissimSingleTypeParser_Messungsdefinition.obj
         Debug\NIVissimSingleTypeParser_Netzobjektdefinition.obj
         Debug\NIVissimSingleTypeParser_Parkplatzdefinition.obj
         Debug\NIVissimSingleTypeParser_Querschnittsmessungsdefinition.obj
         Debug\NIVissimSingleTypeParser_Querverkehrsstoerungsdefinition.obj
         Debug\NIVissimSingleTypeParser_Rautedefinition.obj
         Debug\NIVissimSingleTypeParser_Reisezeitmessungsdefinition.obj
         Debug\NIVissimSingleTypeParser_Richtungsentscheidungsdefinition.obj
         Debug\NIVissimSingleTypeParser_Richtungspfeildefinition.obj
         Debug\NIVissimSingleTypeParser_Routenentscheidungsdefinition.obj
         Debug\NIVissimSingleTypeParser_Signalgeberdefinition.obj
         Debug\NIVissimSingleTypeParser_Signalgruppendefinition.obj
         Debug\NIVissimSingleTypeParser_Simdauer.obj
         Debug\NIVissimSingleTypeParser_SimRate.obj
         Debug\NIVissimSingleTypeParser_Startuhrzeit.obj
         Debug\NIVissimSingleTypeParser_Startzufallszahl.obj
         Debug\NIVissimSingleTypeParser_Stauparameterdefinition.obj
         Debug\NIVissimSingleTypeParser_Stauzaehlerdefinition.obj
         Debug\NIVissimSingleTypeParser_Stopschilddefinition.obj
         Debug\NIVissimSingleTypeParser_Streckendefinition.obj
         Debug\NIVissimSingleTypeParser_Streckentypdefinition.obj
         Debug\NIVissimSingleTypeParser_TEAPACDefinition.obj
         Debug\NIVissimSingleTypeParser_Verbindungsdefinition.obj
         Debug\NIVissimSingleTypeParser_Verkehrszusammensetzungsdefinition.obj
         Debug\NIVissimSingleTypeParser_Verlustzeitmessungsdefinition.obj
         Debug\NIVissimSingleTypeParser_VWunschentscheidungsdefinition.obj
         Debug\NIVissimSingleTypeParser_Zeitenverteilungsdefinition.obj
         Debug\NIVissimSingleTypeParser_Zeitschrittfaktor.obj
         Debug\NIVissimSingleTypeParser_Zuflussdefinition.obj
         Debug\NIVissimSingleTypeParser_Zusammensetzungsdefinition.obj
         Debug\NIVissimSource.obj
         Debug\NIVissimTL.obj
         Debug\NIVissimTrafficDescription.obj
         Debug\NIVissimVehicleClass.obj
         Debug\NIVissimVehicleType.obj
         Debug\NIVissimVehTypeClass.obj
         z_libnetimport_vissim.vcxproj -> C:\Users\Asus\Desktop\Minor\SimTram\build\msvc10\z_libnetimport_vissim\Debug\z_libnetimport_vissim.lib
     1>Done Building Project "C:\Users\Asus\Desktop\Minor\SimTram\build\msvc10\z_libnetimport_vissim\z_libnetimport_vissim.vcxproj" (Build target(s)).

Build succeeded.

Time Elapsed 00:02:55.65
