Build started 9/1/2016 7:56:10 PM.
     1>Project "C:\Users\Asus\Desktop\Minor\SimTram\build\msvc10\z_libutils_gui_windows\z_libutils_gui_windows.vcxproj" on node 5 (Build target(s)).
     1>PreBuildEvent:
         ..\..\..\tools\build\version.py
         :VCEnd
         unknown revision - svn dir 'None' not found
       ClCompile:
         C:\Program Files (x86)\Microsoft Visual Studio 12.0\VC\bin\CL.exe /c /I"C:\Users\Asus\Desktop\Minor\xerces-c-3.1.2\include" /I..\..\..\src /I..\..\..\src\foreign\msinttypes /I"C:\Users\Asus\Desktop\Minor\fox-1.6.50\include" /I"C:\Users\Asus\Desktop\Minor\release-1800-gdal-1-11-3-mapserver-6-4-2\include" /ZI /nologo /W4 /WX- /Od /Oy- /D "HAVE_ENABLED=\"Win32 Debug PROJ GDAL GUI Python\"" /D HAVE_FOX /D HAVE_PROJ /D HAVE_GDAL /Gm- /EHsc /RTC1 /MDd /GS /fp:precise /fp:except /Zc:wchar_t /Zc:forScope /Fo"Debug\\" /Fd"Debug\vc120.pdb" /Gd /TP /analyze- /errorReport:prompt ..\..\..\src\utils\gui\windows\GUIDanielPerspectiveChanger.cpp ..\..\..\src\utils\gui\windows\GUIDialog_EditViewport.cpp ..\..\..\src\utils\gui\windows\GUIDialog_GLObjChooser.cpp ..\..\..\src\utils\gui\windows\GUIDialog_ViewSettings.cpp ..\..\..\src\utils\gui\windows\GUIGlChildWindow.cpp ..\..\..\src\utils\gui\windows\GUIMainWindow.cpp ..\..\..\src\utils\gui\windows\GUIPerspectiveChanger.cpp ..\..\..\src\utils\gui\windows\GUISUMOAbstractView.cpp
         GUIDanielPerspectiveChanger.cpp
         GUIDialog_EditViewport.cpp
         GUIDialog_GLObjChooser.cpp
         GUIDialog_ViewSettings.cpp
     1>c:\users\asus\desktop\minor\simtram\src\utils\gui\settings\guipropertyscheme.h(101): warning C4018: '<' : signed/unsigned mismatch
                 c:\users\asus\desktop\minor\simtram\src\utils\gui\settings\guipropertyscheme.h(100) : while compiling class template member function 'void GUIPropertyScheme<RGBColor>::removeColor(const int)'
                 c:\users\asus\desktop\minor\simtram\src\utils\gui\windows\guidialog_viewsettings.cpp(762) : see reference to function template instantiation 'void GUIPropertyScheme<RGBColor>::removeColor(const int)' being compiled
                 c:\users\asus\desktop\minor\simtram\src\utils\gui\windows\guidialog_viewsettings.cpp(732) : see reference to class template instantiation 'GUIPropertyScheme<RGBColor>' being compiled
         GUIGlChildWindow.cpp
         GUIMainWindow.cpp
         GUIPerspectiveChanger.cpp
         GUISUMOAbstractView.cpp
         Generating Code...
       Lib:
         C:\Program Files (x86)\Microsoft Visual Studio 12.0\VC\bin\Lib.exe /OUT:"Debug\z_libutils_gui_windows.lib" /NOLOGO Debug\GUIDanielPerspectiveChanger.obj
         Debug\GUIDialog_EditViewport.obj
         Debug\GUIDialog_GLObjChooser.obj
         Debug\GUIDialog_ViewSettings.obj
         Debug\GUIGlChildWindow.obj
         Debug\GUIMainWindow.obj
         Debug\GUIPerspectiveChanger.obj
         Debug\GUISUMOAbstractView.obj
         z_libutils_gui_windows.vcxproj -> C:\Users\Asus\Desktop\Minor\SimTram\build\msvc10\z_libutils_gui_windows\Debug\z_libutils_gui_windows.lib
     1>Done Building Project "C:\Users\Asus\Desktop\Minor\SimTram\build\msvc10\z_libutils_gui_windows\z_libutils_gui_windows.vcxproj" (Build target(s)).

Build succeeded.

Time Elapsed 00:00:45.99
