Build started 9/1/2016 7:59:13 PM.
     1>Project "C:\Users\Asus\Desktop\Minor\SimTram\build\msvc10\activitygen\activitygen.vcxproj" on node 5 (Build target(s)).
     1>PreBuildEvent:
         ..\..\..\tools\build\version.py
         :VCEnd
         unknown revision - svn dir 'None' not found
       ClCompile:
         C:\Program Files (x86)\Microsoft Visual Studio 12.0\VC\bin\CL.exe /c /I"C:\Users\Asus\Desktop\Minor\xerces-c-3.1.2\include" /I..\..\..\src /I..\..\..\src\foreign\msinttypes /I"C:\Users\Asus\Desktop\Minor\fox-1.6.50\include" /I"C:\Users\Asus\Desktop\Minor\release-1800-gdal-1-11-3-mapserver-6-4-2\include" /ZI /nologo /W4 /WX- /Od /Oy- /D "HAVE_ENABLED=\"Win32 Debug PROJ GDAL GUI Python\"" /D HAVE_FOX /D HAVE_PROJ /D HAVE_GDAL /Gm- /EHsc /RTC1 /MDd /GS /fp:precise /fp:except /Zc:wchar_t /Zc:forScope /Fo"Debug\\" /Fd"Debug\vc120.pdb" /Gd /TP /analyze- /errorReport:prompt ..\..\..\src\activitygen\activities\AGActivities.cpp ..\..\..\src\activitygen\activities\AGActivity.cpp ..\..\..\src\activitygen\AGActivityGen.cpp ..\..\..\src\activitygen\AGActivityGenHandler.cpp ..\..\..\src\activitygen\AGActivityTripWriter.cpp ..\..\..\src\activitygen\AGFrame.cpp ..\..\..\src\activitygen\city\AGAdult.cpp ..\..\..\src\activitygen\city\AGBus.cpp ..\..\..\src\activitygen\city\AGBusLine.cpp ..\..\..\src\activitygen\city\AGCar.cpp ..\..\..\src\activitygen\city\AGChild.cpp ..\..\..\src\activitygen\city\AGCity.cpp ..\..\..\src\activitygen\city\AGDataAndStatistics.cpp ..\..\..\src\activitygen\activities\AGFreeTime.cpp ..\..\..\src\activitygen\city\AGHousehold.cpp ..\..\..\src\activitygen\activitygen_main.cpp ..\..\..\src\activitygen\city\AGPerson.cpp ..\..\..\src\activitygen\city\AGPosition.cpp ..\..\..\src\activitygen\city\AGSchool.cpp ..\..\..\src\activitygen\city\AGStreet.cpp ..\..\..\src\activitygen\city\AGTime.cpp ..\..\..\src\activitygen\activities\AGTrip.cpp ..\..\..\src\activitygen\activities\AGWorkAndSchool.cpp ..\..\..\src\activitygen\city\AGWorkPosition.cpp ..\..\..\src\duarouter\RODUAEdgeBuilder.cpp
         AGActivities.cpp
         AGActivity.cpp
         AGActivityGen.cpp
         AGActivityGenHandler.cpp
         AGActivityTripWriter.cpp
         AGFrame.cpp
         AGAdult.cpp
         AGBus.cpp
         AGBusLine.cpp
         AGCar.cpp
         AGChild.cpp
         AGCity.cpp
         AGDataAndStatistics.cpp
         AGFreeTime.cpp
         AGHousehold.cpp
         activitygen_main.cpp
         AGPerson.cpp
         AGPosition.cpp
         AGSchool.cpp
         AGStreet.cpp
         Generating Code...
         Compiling...
         AGTime.cpp
         AGTrip.cpp
         AGWorkAndSchool.cpp
     1>c:\users\asus\desktop\minor\simtram\src\activitygen\activities\agworkandschool.cpp(140): warning C4389: '!=' : signed/unsigned mismatch
     1>c:\users\asus\desktop\minor\simtram\src\activitygen\activities\agworkandschool.cpp(377): warning C4389: '!=' : signed/unsigned mismatch
         AGWorkPosition.cpp
         RODUAEdgeBuilder.cpp
         Generating Code...
       Link:
         C:\Program Files (x86)\Microsoft Visual Studio 12.0\VC\bin\link.exe /ERRORREPORT:PROMPT /OUT:"Debug\activitygenD.exe" /NOLOGO "C:\Users\Asus\Desktop\Minor\xerces-c-3.1.2\lib\xerces-c_3D.lib" "C:\Users\Asus\Desktop\Minor\fox-1.6.50\lib\FOXDLLD-1.6.lib" ws2_32.lib /MANIFEST /MANIFESTUAC:"level='asInvoker' uiAccess='false'" /manifest:embed /DEBUG /PDB:"Debug\activitygenD.pdb" /TLBID:1 /DYNAMICBASE /NXCOMPAT /IMPLIB:"Debug\activitygenD.lib" /MACHINE:X86 /SAFESEH Debug\AGActivities.obj
         Debug\AGActivity.obj
         Debug\AGActivityGen.obj
         Debug\AGActivityGenHandler.obj
         Debug\AGActivityTripWriter.obj
         Debug\AGFrame.obj
         Debug\AGAdult.obj
         Debug\AGBus.obj
         Debug\AGBusLine.obj
         Debug\AGCar.obj
         Debug\AGChild.obj
         Debug\AGCity.obj
         Debug\AGDataAndStatistics.obj
         Debug\AGFreeTime.obj
         Debug\AGHousehold.obj
         Debug\activitygen_main.obj
         Debug\AGPerson.obj
         Debug\AGPosition.obj
         Debug\AGSchool.obj
         Debug\AGStreet.obj
         Debug\AGTime.obj
         Debug\AGTrip.obj
         Debug\AGWorkAndSchool.obj
         Debug\AGWorkPosition.obj
         Debug\RODUAEdgeBuilder.obj
         C:\Users\Asus\Desktop\Minor\SimTram\build\msvc10\y_librouter\Debug\y_librouter.lib
         C:\Users\Asus\Desktop\Minor\SimTram\build\msvc10\zz_foreign_nvwa\Debug\zz_foreign_nvwa.lib
         C:\Users\Asus\Desktop\Minor\SimTram\build\msvc10\zz_foreign_phemlight\Debug\zz_foreign_phemlight.lib
         C:\Users\Asus\Desktop\Minor\SimTram\build\msvc10\zz_foreign_tcpip\Debug\zz_foreign_tcpip.lib
         C:\Users\Asus\Desktop\Minor\SimTram\build\msvc10\z_libutils_common\Debug\z_libutils_common.lib
         C:\Users\Asus\Desktop\Minor\SimTram\build\msvc10\z_libutils_emissions\Debug\z_libutils_emissions.lib
         C:\Users\Asus\Desktop\Minor\SimTram\build\msvc10\z_libutils_geom\Debug\z_libutils_geom.lib
         C:\Users\Asus\Desktop\Minor\SimTram\build\msvc10\z_libutils_iodevices\Debug\z_libutils_iodevices.lib
         C:\Users\Asus\Desktop\Minor\SimTram\build\msvc10\z_libutils_options\Debug\z_libutils_options.lib
         C:\Users\Asus\Desktop\Minor\SimTram\build\msvc10\z_libutils_vehicle\Debug\z_libutils_vehicle.lib
         C:\Users\Asus\Desktop\Minor\SimTram\build\msvc10\z_libutils_xml\Debug\z_libutils_xml.lib
     1>AGActivities.obj : warning LNK4075: ignoring '/EDITANDCONTINUE' due to '/SAFESEH' specification
         activitygen.vcxproj -> C:\Users\Asus\Desktop\Minor\SimTram\build\msvc10\activitygen\Debug\activitygenD.exe
       PostBuildEvent:
         xcopy /Y C:\Users\Asus\Desktop\Minor\SimTram\build\msvc10\activitygen\Debug\activitygenD.exe ..\..\..\bin\
         :VCEnd
         C:\Users\Asus\Desktop\Minor\SimTram\build\msvc10\activitygen\Debug\activitygenD.exe
         1 File(s) copied
     1>Done Building Project "C:\Users\Asus\Desktop\Minor\SimTram\build\msvc10\activitygen\activitygen.vcxproj" (Build target(s)).

Build succeeded.

Time Elapsed 00:01:02.46
