Build started 9/1/2016 7:56:59 PM.
     1>Project "C:\Users\Asus\Desktop\Minor\SimTram\build\msvc10\z_libutils_gui_globjects\z_libutils_gui_globjects.vcxproj" on node 4 (Build target(s)).
     1>PreBuildEvent:
         ..\..\..\tools\build\version.py
         :VCEnd
         unknown revision - svn dir 'None' not found
       ClCompile:
         C:\Program Files (x86)\Microsoft Visual Studio 12.0\VC\bin\CL.exe /c /I"C:\Users\Asus\Desktop\Minor\xerces-c-3.1.2\include" /I..\..\..\src /I..\..\..\src\foreign\msinttypes /I"C:\Users\Asus\Desktop\Minor\fox-1.6.50\include" /I"C:\Users\Asus\Desktop\Minor\release-1800-gdal-1-11-3-mapserver-6-4-2\include" /ZI /nologo /W4 /WX- /Od /Oy- /D "HAVE_ENABLED=\"Win32 Debug PROJ GDAL GUI Python\"" /D HAVE_FOX /D HAVE_PROJ /D HAVE_GDAL /Gm- /EHsc /RTC1 /MDd /GS /fp:precise /fp:except /Zc:wchar_t /Zc:forScope /Fo"Debug\\" /Fd"Debug\vc120.pdb" /Gd /TP /analyze- /errorReport:prompt ..\..\..\src\utils\gui\globjects\GUIGlObject.cpp ..\..\..\src\utils\gui\globjects\GUIGlObject_AbstractAdd.cpp ..\..\..\src\utils\gui\globjects\GUIGLObjectPopupMenu.cpp ..\..\..\src\utils\gui\globjects\GUIGlObjectStorage.cpp ..\..\..\src\utils\gui\globjects\GUIPointOfInterest.cpp ..\..\..\src\utils\gui\globjects\GUIPolygon.cpp ..\..\..\src\utils\gui\globjects\GUIShapeContainer.cpp
         GUIGlObject.cpp
         GUIGlObject_AbstractAdd.cpp
         GUIGLObjectPopupMenu.cpp
         GUIGlObjectStorage.cpp
         GUIPointOfInterest.cpp
         GUIPolygon.cpp
     1>c:\users\asus\desktop\minor\simtram\src\utils\gui\globjects\guipolygon.cpp(244): warning C4389: '!=' : signed/unsigned mismatch
         GUIShapeContainer.cpp
         Generating Code...
       Lib:
         C:\Program Files (x86)\Microsoft Visual Studio 12.0\VC\bin\Lib.exe /OUT:"Debug\z_libutils_gui_globjects.lib" /NOLOGO Debug\GUIGlObject.obj
         Debug\GUIGlObject_AbstractAdd.obj
         Debug\GUIGLObjectPopupMenu.obj
         Debug\GUIGlObjectStorage.obj
         Debug\GUIPointOfInterest.obj
         Debug\GUIPolygon.obj
         Debug\GUIShapeContainer.obj
         z_libutils_gui_globjects.vcxproj -> C:\Users\Asus\Desktop\Minor\SimTram\build\msvc10\z_libutils_gui_globjects\Debug\z_libutils_gui_globjects.lib
     1>Done Building Project "C:\Users\Asus\Desktop\Minor\SimTram\build\msvc10\z_libutils_gui_globjects\z_libutils_gui_globjects.vcxproj" (Build target(s)).

Build succeeded.

Time Elapsed 00:00:24.24
