Build started 9/1/2016 7:53:19 PM.
     1>Project "C:\Users\Asus\Desktop\Minor\SimTram\build\msvc10\y_libnetload\y_libnetload.vcxproj" on node 3 (Build target(s)).
     1>PreBuildEvent:
         ..\..\..\tools\build\version.py
         :VCEnd
         unknown revision - svn dir 'None' not found
       ClCompile:
         C:\Program Files (x86)\Microsoft Visual Studio 12.0\VC\bin\CL.exe /c /I"C:\Users\Asus\Desktop\Minor\xerces-c-3.1.2\include" /I..\..\..\src /I..\..\..\src\foreign\msinttypes /I"C:\Users\Asus\Desktop\Minor\fox-1.6.50\include" /I"C:\Users\Asus\Desktop\Minor\release-1800-gdal-1-11-3-mapserver-6-4-2\include" /ZI /nologo /W4 /WX- /Od /Oy- /D "HAVE_ENABLED=\"Win32 Debug PROJ GDAL GUI Python\"" /D HAVE_FOX /D HAVE_PROJ /D HAVE_GDAL /Gm- /EHsc /RTC1 /MDd /GS /fp:precise /fp:except /Zc:wchar_t /Zc:forScope /Fo"Debug\\" /Fd"Debug\vc120.pdb" /Gd /TP /analyze- /errorReport:prompt ..\..\..\src\netload\NLBuilder.cpp ..\..\..\src\netload\NLDetectorBuilder.cpp ..\..\..\src\netload\NLDiscreteEventBuilder.cpp ..\..\..\src\netload\NLEdgeControlBuilder.cpp ..\..\..\src\netload\NLHandler.cpp ..\..\..\src\netload\NLJunctionControlBuilder.cpp ..\..\..\src\netload\NLTriggerBuilder.cpp
         NLBuilder.cpp
         NLDetectorBuilder.cpp
         NLDiscreteEventBuilder.cpp
         NLEdgeControlBuilder.cpp
         NLHandler.cpp
         NLJunctionControlBuilder.cpp
         NLTriggerBuilder.cpp
         Generating Code...
       Lib:
         C:\Program Files (x86)\Microsoft Visual Studio 12.0\VC\bin\Lib.exe /OUT:"Debug\y_libnetload.lib" /NOLOGO Debug\NLBuilder.obj
         Debug\NLDetectorBuilder.obj
         Debug\NLDiscreteEventBuilder.obj
         Debug\NLEdgeControlBuilder.obj
         Debug\NLHandler.obj
         Debug\NLJunctionControlBuilder.obj
         Debug\NLTriggerBuilder.obj
         y_libnetload.vcxproj -> C:\Users\Asus\Desktop\Minor\SimTram\build\msvc10\y_libnetload\Debug\y_libnetload.lib
     1>Done Building Project "C:\Users\Asus\Desktop\Minor\SimTram\build\msvc10\y_libnetload\y_libnetload.vcxproj" (Build target(s)).

Build succeeded.

Time Elapsed 00:00:39.00
