Build started 9/1/2016 7:54:30 PM.
     1>Project "C:\Users\Asus\Desktop\Minor\SimTram\build\msvc10\z_libutils_common\z_libutils_common.vcxproj" on node 3 (Build target(s)).
     1>PreBuildEvent:
         ..\..\..\tools\build\version.py
         :VCEnd
         unknown revision - svn dir 'None' not found
       ClCompile:
         C:\Program Files (x86)\Microsoft Visual Studio 12.0\VC\bin\CL.exe /c /I"C:\Users\Asus\Desktop\Minor\xerces-c-3.1.2\include" /I..\..\..\src /I..\..\..\src\foreign\msinttypes /I"C:\Users\Asus\Desktop\Minor\fox-1.6.50\include" /I"C:\Users\Asus\Desktop\Minor\release-1800-gdal-1-11-3-mapserver-6-4-2\include" /ZI /nologo /W4 /WX- /Od /Oy- /D "HAVE_ENABLED=\"Win32 Debug PROJ GDAL GUI Python\"" /D HAVE_FOX /D HAVE_PROJ /D HAVE_GDAL /Gm- /EHsc /RTC1 /MDd /GS /fp:precise /fp:except /Zc:wchar_t /Zc:forScope /Fo"Debug\\" /Fd"Debug\vc120.pdb" /Gd /TP /analyze- /errorReport:prompt ..\..\..\src\utils\common\FileHelpers.cpp ..\..\..\src\utils\common\IDSupplier.cpp ..\..\..\src\utils\common\MsgHandler.cpp ..\..\..\src\utils\common\Parameterised.cpp ..\..\..\src\utils\common\RandHelper.cpp ..\..\..\src\utils\common\RGBColor.cpp ..\..\..\src\utils\common\StdDefs.cpp ..\..\..\src\utils\common\StringTokenizer.cpp ..\..\..\src\utils\common\StringUtils.cpp ..\..\..\src\utils\common\SUMOTime.cpp ..\..\..\src\utils\common\SUMOVehicleClass.cpp ..\..\..\src\utils\common\SystemFrame.cpp ..\..\..\src\utils\common\SysUtils.cpp
         FileHelpers.cpp
         IDSupplier.cpp
         MsgHandler.cpp
         Parameterised.cpp
         RandHelper.cpp
         RGBColor.cpp
         StdDefs.cpp
         StringTokenizer.cpp
     1>c:\users\asus\desktop\minor\simtram\src\utils\common\stringtokenizer.cpp(94): warning C4389: '!=' : signed/unsigned mismatch
     1>c:\users\asus\desktop\minor\simtram\src\utils\common\stringtokenizer.cpp(156): warning C4389: '==' : signed/unsigned mismatch
     1>c:\users\asus\desktop\minor\simtram\src\utils\common\stringtokenizer.cpp(171): warning C4018: '<' : signed/unsigned mismatch
         StringUtils.cpp
         SUMOTime.cpp
         SUMOVehicleClass.cpp
         SystemFrame.cpp
         SysUtils.cpp
         Generating Code...
       Lib:
         C:\Program Files (x86)\Microsoft Visual Studio 12.0\VC\bin\Lib.exe /OUT:"Debug\z_libutils_common.lib" /NOLOGO Debug\FileHelpers.obj
         Debug\IDSupplier.obj
         Debug\MsgHandler.obj
         Debug\Parameterised.obj
         Debug\RandHelper.obj
         Debug\RGBColor.obj
         Debug\StdDefs.obj
         Debug\StringTokenizer.obj
         Debug\StringUtils.obj
         Debug\SUMOTime.obj
         Debug\SUMOVehicleClass.obj
         Debug\SystemFrame.obj
         Debug\SysUtils.obj
         z_libutils_common.vcxproj -> C:\Users\Asus\Desktop\Minor\SimTram\build\msvc10\z_libutils_common\Debug\z_libutils_common.lib
     1>Done Building Project "C:\Users\Asus\Desktop\Minor\SimTram\build\msvc10\z_libutils_common\z_libutils_common.vcxproj" (Build target(s)).

Build succeeded.

Time Elapsed 00:00:16.00
