Build started 9/1/2016 8:00:06 PM.
     1>Project "C:\Users\Asus\Desktop\Minor\SimTram\build\msvc10\netedit\netedit.vcxproj" on node 3 (Build target(s)).
     1>PreBuildEvent:
         ..\..\..\tools\build\version.py
         :VCEnd
         unknown revision - svn dir 'None' not found
       ClCompile:
         C:\Program Files (x86)\Microsoft Visual Studio 12.0\VC\bin\CL.exe /c /I"C:\Users\Asus\Desktop\Minor\xerces-c-3.1.2\include" /I..\..\..\src /I..\..\..\src\foreign\msinttypes /I"C:\Users\Asus\Desktop\Minor\fox-1.6.50\include" /I"C:\Users\Asus\Desktop\Minor\release-1800-gdal-1-11-3-mapserver-6-4-2\include" /ZI /nologo /W4 /WX- /Od /Oy- /D "HAVE_ENABLED=\"Win32 Debug PROJ GDAL GUI Python\"" /D HAVE_FOX /D HAVE_PROJ /D HAVE_GDAL /Gm- /EHsc /RTC1 /MDd /GS /fp:precise /fp:except /Zc:wchar_t /Zc:forScope /Fo"Debug\\" /Fd"Debug\vc120.pdb" /Gd /TP /analyze- /errorReport:prompt ..\..\..\src\netedit\GNEAdditional.cpp ..\..\..\src\netedit\GNEAdditionalDialog.cpp ..\..\..\src\netedit\GNEAdditionalFrame.cpp ..\..\..\src\netedit\GNEAdditionalHandler.cpp ..\..\..\src\netedit\GNEAdditionalSet.cpp ..\..\..\src\netedit\GNEApplicationWindow.cpp ..\..\..\src\netedit\GNEAttributeCarrier.cpp ..\..\..\src\netedit\GNEBusStop.cpp ..\..\..\src\netedit\GNECalibrator.cpp ..\..\..\src\netedit\GNECalibratorDialog.cpp ..\..\..\src\netedit\GNEChange.cpp ..\..\..\src\netedit\GNEChange_Attribute.cpp ..\..\..\src\netedit\GNEChange_Additional.cpp ..\..\..\src\netedit\GNEChange_Connection.cpp ..\..\..\src\netedit\GNEChange_Edge.cpp ..\..\..\src\netedit\GNEChange_Junction.cpp ..\..\..\src\netedit\GNEChange_Lane.cpp ..\..\..\src\netedit\GNEChange_Selection.cpp ..\..\..\src\netedit\GNEChange_TLS.cpp ..\..\..\src\netedit\GNEChargingStation.cpp ..\..\..\src\netedit\GNEConnection.cpp ..\..\..\src\netedit\GNEConnectorFrame.cpp ..\..\..\src\netedit\GNEContainerStop.cpp ..\..\..\src\netedit\GNECrossing.cpp ..\..\..\src\netedit\GNEDetector.cpp ..\..\..\src\netedit\GNEDetectorE1.cpp ..\..\..\src\netedit\GNEDetectorE2.cpp ..\..\..\src\netedit\GNEDetectorE3.cpp ..\..\..\src\netedit\GNEDetectorEntry.cpp ..\..\..\src\netedit\GNEDetectorExit.cpp ..\..\..\src\netedit\GNEDialog_About.cpp ..\..\..\src\netedit\GNEDialog_Wizard.cpp ..\..\..\src\netedit\GNEEdge.cpp ..\..\..\src\netedit\GNEFrame.cpp ..\..\..\src\netedit\GNEInspectorFrame.cpp ..\..\..\src\netedit\GNEInternalLane.cpp ..\..\..\src\netedit\GNEJunction.cpp ..\..\..\src\netedit\GNELane.cpp ..\..\..\src\netedit\GNELoadThread.cpp ..\..\..\src\netedit\GNENet.cpp ..\..\..\src\netedit\GNENetElement.cpp ..\..\..\src\netedit\GNEPOI.cpp ..\..\..\src\netedit\GNEPoly.cpp ..\..\..\src\netedit\GNEProhibition.cpp ..\..\..\src\netedit\GNERerouter.cpp ..\..\..\src\netedit\GNERerouterDialog.cpp ..\..\..\src\netedit\GNERouteProbe.cpp ..\..\..\src\netedit\GNESelectorFrame.cpp ..\..\..\src\netedit\GNEStoppingPlace.cpp ..\..\..\src\netedit\GNETLSEditorFrame.cpp ..\..\..\src\netedit\GNEUndoList.cpp ..\..\..\src\netedit\GNEVaporizer.cpp ..\..\..\src\netedit\GNEVariableSpeedSignal.cpp ..\..\..\src\netedit\GNEVariableSpeedSignalDialog.cpp ..\..\..\src\netedit\GNEViewNet.cpp ..\..\..\src\netedit\GNEViewParent.cpp ..\..\..\src\netedit\netedit_main.cpp
         GNEAdditional.cpp
         GNEAdditionalDialog.cpp
         GNEAdditionalFrame.cpp
         GNEAdditionalHandler.cpp
         GNEAdditionalSet.cpp
         GNEApplicationWindow.cpp
         GNEAttributeCarrier.cpp
         GNEBusStop.cpp
     1>c:\users\asus\desktop\minor\simtram\src\netedit\gnebusstop.cpp(210): warning C4389: '!=' : signed/unsigned mismatch
         GNECalibrator.cpp
         GNECalibratorDialog.cpp
         GNEChange.cpp
         GNEChange_Attribute.cpp
         GNEChange_Additional.cpp
         GNEChange_Connection.cpp
         GNEChange_Edge.cpp
         GNEChange_Junction.cpp
         GNEChange_Lane.cpp
         GNEChange_Selection.cpp
         GNEChange_TLS.cpp
         GNEChargingStation.cpp
         Generating Code...
         Compiling...
         GNEConnection.cpp
         GNEConnectorFrame.cpp
         GNEContainerStop.cpp
     1>c:\users\asus\desktop\minor\simtram\src\netedit\gnecontainerstop.cpp(210): warning C4389: '!=' : signed/unsigned mismatch
         GNECrossing.cpp
         GNEDetector.cpp
         GNEDetectorE1.cpp
         GNEDetectorE2.cpp
         GNEDetectorE3.cpp
         GNEDetectorEntry.cpp
         GNEDetectorExit.cpp
         GNEDialog_About.cpp
         GNEDialog_Wizard.cpp
         GNEEdge.cpp
         GNEFrame.cpp
         GNEInspectorFrame.cpp
         GNEInternalLane.cpp
         GNEJunction.cpp
         GNELane.cpp
         GNELoadThread.cpp
         GNENet.cpp
         Generating Code...
         Compiling...
         GNENetElement.cpp
         GNEPOI.cpp
         GNEPoly.cpp
         GNEProhibition.cpp
         GNERerouter.cpp
         GNERerouterDialog.cpp
         GNERouteProbe.cpp
         GNESelectorFrame.cpp
         GNEStoppingPlace.cpp
         GNETLSEditorFrame.cpp
         GNEUndoList.cpp
         GNEVaporizer.cpp
         GNEVariableSpeedSignal.cpp
         GNEVariableSpeedSignalDialog.cpp
         GNEViewNet.cpp
         GNEViewParent.cpp
         netedit_main.cpp
         Generating Code...
       ResourceCompile:
         C:\Program Files (x86)\Windows Kits\8.1\bin\x86\rc.exe /l"0x0409" /nologo /fo"Debug\netedit.res" ..\..\..\src\netedit\netedit.rc 
       Link:
         C:\Program Files (x86)\Microsoft Visual Studio 12.0\VC\bin\link.exe /ERRORREPORT:PROMPT /OUT:"Debug\neteditD.exe" /NOLOGO "C:\Users\Asus\Desktop\Minor\release-1800-gdal-1-11-3-mapserver-6-4-2\lib\proj_i.lib" "C:\Users\Asus\Desktop\Minor\release-1800-gdal-1-11-3-mapserver-6-4-2\lib\gdal_i.lib" shell32.lib opengl32.lib glu32.lib "C:\Users\Asus\Desktop\Minor\xerces-c-3.1.2\lib\xerces-c_3D.lib" "C:\Users\Asus\Desktop\Minor\fox-1.6.50\lib\FOXDLLD-1.6.lib" user32.lib winmm.lib vfw32.lib gdi32.lib ws2_32.lib /MANIFEST /MANIFESTUAC:"level='asInvoker' uiAccess='false'" /manifest:embed /DEBUG /PDB:"Debug\neteditD.pdb" /TLBID:1 /DYNAMICBASE /NXCOMPAT /IMPLIB:"Debug\neteditD.lib" /MACHINE:X86 /SAFESEH Debug\netedit.res
         Debug\GNEAdditional.obj
         Debug\GNEAdditionalDialog.obj
         Debug\GNEAdditionalFrame.obj
         Debug\GNEAdditionalHandler.obj
         Debug\GNEAdditionalSet.obj
         Debug\GNEApplicationWindow.obj
         Debug\GNEAttributeCarrier.obj
         Debug\GNEBusStop.obj
         Debug\GNECalibrator.obj
         Debug\GNECalibratorDialog.obj
         Debug\GNEChange.obj
         Debug\GNEChange_Attribute.obj
         Debug\GNEChange_Additional.obj
         Debug\GNEChange_Connection.obj
         Debug\GNEChange_Edge.obj
         Debug\GNEChange_Junction.obj
         Debug\GNEChange_Lane.obj
         Debug\GNEChange_Selection.obj
         Debug\GNEChange_TLS.obj
         Debug\GNEChargingStation.obj
         Debug\GNEConnection.obj
         Debug\GNEConnectorFrame.obj
         Debug\GNEContainerStop.obj
         Debug\GNECrossing.obj
         Debug\GNEDetector.obj
         Debug\GNEDetectorE1.obj
         Debug\GNEDetectorE2.obj
         Debug\GNEDetectorE3.obj
         Debug\GNEDetectorEntry.obj
         Debug\GNEDetectorExit.obj
         Debug\GNEDialog_About.obj
         Debug\GNEDialog_Wizard.obj
         Debug\GNEEdge.obj
         Debug\GNEFrame.obj
         Debug\GNEInspectorFrame.obj
         Debug\GNEInternalLane.obj
         Debug\GNEJunction.obj
         Debug\GNELane.obj
         Debug\GNELoadThread.obj
         Debug\GNENet.obj
         Debug\GNENetElement.obj
         Debug\GNEPOI.obj
         Debug\GNEPoly.obj
         Debug\GNEProhibition.obj
         Debug\GNERerouter.obj
         Debug\GNERerouterDialog.obj
         Debug\GNERouteProbe.obj
         Debug\GNESelectorFrame.obj
         Debug\GNEStoppingPlace.obj
         Debug\GNETLSEditorFrame.obj
         Debug\GNEUndoList.obj
         Debug\GNEVaporizer.obj
         Debug\GNEVariableSpeedSignal.obj
         Debug\GNEVariableSpeedSignalDialog.obj
         Debug\GNEViewNet.obj
         Debug\GNEViewParent.obj
         Debug\netedit_main.obj
         C:\Users\Asus\Desktop\Minor\SimTram\build\msvc10\y_libnetbuild\Debug\y_libnetbuild.lib
         C:\Users\Asus\Desktop\Minor\SimTram\build\msvc10\y_libnetimport\Debug\y_libnetimport.lib
         C:\Users\Asus\Desktop\Minor\SimTram\build\msvc10\y_libnetwrite\Debug\y_libnetwrite.lib
         C:\Users\Asus\Desktop\Minor\SimTram\build\msvc10\zz_foreign_eulerspiral\Debug\zz_foreign_eulerspiral.lib
         C:\Users\Asus\Desktop\Minor\SimTram\build\msvc10\zz_foreign_gl2ps\Debug\zz_foreign_gl2ps.lib
         C:\Users\Asus\Desktop\Minor\SimTram\build\msvc10\zz_foreign_nvwa\Debug\zz_foreign_nvwa.lib
         C:\Users\Asus\Desktop\Minor\SimTram\build\msvc10\zz_foreign_polyfonts\Debug\zz_foreign_polyfonts.lib
         C:\Users\Asus\Desktop\Minor\SimTram\build\msvc10\zz_foreign_tcpip\Debug\zz_foreign_tcpip.lib
         C:\Users\Asus\Desktop\Minor\SimTram\build\msvc10\z_libnetimport_vissim\Debug\z_libnetimport_vissim.lib
         C:\Users\Asus\Desktop\Minor\SimTram\build\msvc10\z_libutils_common\Debug\z_libutils_common.lib
         C:\Users\Asus\Desktop\Minor\SimTram\build\msvc10\z_libutils_distribution\Debug\z_libutils_distribution.lib
         C:\Users\Asus\Desktop\Minor\SimTram\build\msvc10\z_libutils_emissions\Debug\z_libutils_emissions.lib
         C:\Users\Asus\Desktop\Minor\SimTram\build\msvc10\z_libutils_foxtools\Debug\z_libutils_foxtools.lib
         C:\Users\Asus\Desktop\Minor\SimTram\build\msvc10\z_libutils_geom\Debug\z_libutils_geom.lib
         C:\Users\Asus\Desktop\Minor\SimTram\build\msvc10\z_libutils_gui_div\Debug\z_libutils_gui_div.lib
         C:\Users\Asus\Desktop\Minor\SimTram\build\msvc10\z_libutils_gui_globjects\Debug\z_libutils_gui_globjects.lib
         C:\Users\Asus\Desktop\Minor\SimTram\build\msvc10\z_libutils_gui_images\Debug\z_libutils_gui_images.lib
         C:\Users\Asus\Desktop\Minor\SimTram\build\msvc10\z_libutils_gui_settings\Debug\z_libutils_gui_settings.lib
         C:\Users\Asus\Desktop\Minor\SimTram\build\msvc10\z_libutils_gui_tracker\Debug\z_libutils_gui_tracker.lib
         C:\Users\Asus\Desktop\Minor\SimTram\build\msvc10\z_libutils_gui_windows\Debug\z_libutils_gui_windows.lib
         C:\Users\Asus\Desktop\Minor\SimTram\build\msvc10\z_libutils_importio\Debug\z_libutils_importio.lib
         C:\Users\Asus\Desktop\Minor\SimTram\build\msvc10\z_libutils_iodevices\Debug\z_libutils_iodevices.lib
         C:\Users\Asus\Desktop\Minor\SimTram\build\msvc10\z_libutils_options\Debug\z_libutils_options.lib
         C:\Users\Asus\Desktop\Minor\SimTram\build\msvc10\z_libutils_xml\Debug\z_libutils_xml.lib
     1>GNEAdditional.obj : warning LNK4075: ignoring '/EDITANDCONTINUE' due to '/SAFESEH' specification
            Creating library Debug\neteditD.lib and object Debug\neteditD.exp
         netedit.vcxproj -> C:\Users\Asus\Desktop\Minor\SimTram\build\msvc10\netedit\Debug\neteditD.exe
       PostBuildEvent:
         xcopy /Y C:\Users\Asus\Desktop\Minor\SimTram\build\msvc10\netedit\Debug\neteditD.exe ..\..\..\bin\
         :VCEnd
         C:\Users\Asus\Desktop\Minor\SimTram\build\msvc10\netedit\Debug\neteditD.exe
         1 File(s) copied
     1>Done Building Project "C:\Users\Asus\Desktop\Minor\SimTram\build\msvc10\netedit\netedit.vcxproj" (Build target(s)).

Build succeeded.

Time Elapsed 00:03:54.34
