Build started 9/1/2016 7:54:47 PM.
     1>Project "C:\Users\Asus\Desktop\Minor\SimTram\build\msvc10\z_libutils_distribution\z_libutils_distribution.vcxproj" on node 4 (Build target(s)).
     1>PreBuildEvent:
         ..\..\..\tools\build\version.py
         :VCEnd
         unknown revision - svn dir 'None' not found
       ClCompile:
         C:\Program Files (x86)\Microsoft Visual Studio 12.0\VC\bin\CL.exe /c /I"C:\Users\Asus\Desktop\Minor\xerces-c-3.1.2\include" /I..\..\..\src /I..\..\..\src\foreign\msinttypes /I"C:\Users\Asus\Desktop\Minor\fox-1.6.50\include" /I"C:\Users\Asus\Desktop\Minor\release-1800-gdal-1-11-3-mapserver-6-4-2\include" /ZI /nologo /W4 /WX- /Od /Oy- /D "HAVE_ENABLED=\"Win32 Debug PROJ GDAL GUI Python\"" /D HAVE_FOX /D HAVE_PROJ /D HAVE_GDAL /Gm- /EHsc /RTC1 /MDd /GS /fp:precise /fp:except /Zc:wchar_t /Zc:forScope /Fo"Debug\\" /Fd"Debug\vc120.pdb" /Gd /TP /analyze- /errorReport:prompt ..\..\..\src\utils\distribution\Distribution_MeanDev.cpp ..\..\..\src\utils\distribution\Distribution_Points.cpp ..\..\..\src\utils\distribution\DistributionCont.cpp
         Distribution_MeanDev.cpp
         Distribution_Points.cpp
         DistributionCont.cpp
         Generating Code...
       Lib:
         C:\Program Files (x86)\Microsoft Visual Studio 12.0\VC\bin\Lib.exe /OUT:"Debug\z_libutils_distribution.lib" /NOLOGO Debug\Distribution_MeanDev.obj
         Debug\Distribution_Points.obj
         Debug\DistributionCont.obj
         z_libutils_distribution.vcxproj -> C:\Users\Asus\Desktop\Minor\SimTram\build\msvc10\z_libutils_distribution\Debug\z_libutils_distribution.lib
     1>Done Building Project "C:\Users\Asus\Desktop\Minor\SimTram\build\msvc10\z_libutils_distribution\z_libutils_distribution.vcxproj" (Build target(s)).

Build succeeded.

Time Elapsed 00:00:03.82
