Build started 9/1/2016 7:55:38 PM.
     1>Project "C:\Users\Asus\Desktop\Minor\SimTram\build\msvc10\z_libutils_xml\z_libutils_xml.vcxproj" on node 4 (Build target(s)).
     1>PreBuildEvent:
         ..\..\..\tools\build\version.py
         :VCEnd
         unknown revision - svn dir 'None' not found
       ClCompile:
         C:\Program Files (x86)\Microsoft Visual Studio 12.0\VC\bin\CL.exe /c /I"C:\Users\Asus\Desktop\Minor\xerces-c-3.1.2\include" /I..\..\..\src /I..\..\..\src\foreign\msinttypes /I"C:\Users\Asus\Desktop\Minor\fox-1.6.50\include" /I"C:\Users\Asus\Desktop\Minor\release-1800-gdal-1-11-3-mapserver-6-4-2\include" /ZI /nologo /W4 /WX- /Od /Oy- /D "HAVE_ENABLED=\"Win32 Debug PROJ GDAL GUI Python\"" /D HAVE_FOX /D HAVE_PROJ /D HAVE_GDAL /Gm- /EHsc /RTC1 /MDd /GS /fp:precise /fp:except /Zc:wchar_t /Zc:forScope /Fo"Debug\\" /Fd"Debug\vc120.pdb" /Gd /TP /analyze- /errorReport:prompt ..\..\..\src\utils\xml\GenericSAXHandler.cpp ..\..\..\src\utils\xml\SAXWeightsHandler.cpp ..\..\..\src\utils\xml\SUMORouteHandler.cpp ..\..\..\src\utils\xml\SUMORouteLoader.cpp ..\..\..\src\utils\xml\SUMORouteLoaderControl.cpp ..\..\..\src\utils\xml\SUMOSAXAttributes.cpp ..\..\..\src\utils\xml\SUMOSAXAttributesImpl_Binary.cpp ..\..\..\src\utils\xml\SUMOSAXAttributesImpl_Xerces.cpp ..\..\..\src\utils\xml\SUMOSAXHandler.cpp ..\..\..\src\utils\xml\SUMOSAXReader.cpp ..\..\..\src\utils\xml\SUMOVehicleParserHelper.cpp ..\..\..\src\utils\xml\SUMOXMLDefinitions.cpp ..\..\..\src\utils\xml\XMLSubSys.cpp
         GenericSAXHandler.cpp
         SAXWeightsHandler.cpp
         SUMORouteHandler.cpp
         SUMORouteLoader.cpp
         SUMORouteLoaderControl.cpp
         SUMOSAXAttributes.cpp
         SUMOSAXAttributesImpl_Binary.cpp
         SUMOSAXAttributesImpl_Xerces.cpp
         SUMOSAXHandler.cpp
         SUMOSAXReader.cpp
         SUMOVehicleParserHelper.cpp
         SUMOXMLDefinitions.cpp
         XMLSubSys.cpp
     1>c:\users\asus\desktop\minor\simtram\src\utils\xml\xmlsubsys.cpp(118): warning C4389: '==' : signed/unsigned mismatch
         Generating Code...
       Lib:
         C:\Program Files (x86)\Microsoft Visual Studio 12.0\VC\bin\Lib.exe /OUT:"Debug\z_libutils_xml.lib" /NOLOGO /NODEFAULTLIB Debug\GenericSAXHandler.obj
         Debug\SAXWeightsHandler.obj
         Debug\SUMORouteHandler.obj
         Debug\SUMORouteLoader.obj
         Debug\SUMORouteLoaderControl.obj
         Debug\SUMOSAXAttributes.obj
         Debug\SUMOSAXAttributesImpl_Binary.obj
         Debug\SUMOSAXAttributesImpl_Xerces.obj
         Debug\SUMOSAXHandler.obj
         Debug\SUMOSAXReader.obj
         Debug\SUMOVehicleParserHelper.obj
         Debug\SUMOXMLDefinitions.obj
         Debug\XMLSubSys.obj
         z_libutils_xml.vcxproj -> C:\Users\Asus\Desktop\Minor\SimTram\build\msvc10\z_libutils_xml\Debug\z_libutils_xml.lib
     1>Done Building Project "C:\Users\Asus\Desktop\Minor\SimTram\build\msvc10\z_libutils_xml\z_libutils_xml.vcxproj" (Build target(s)).

Build succeeded.

Time Elapsed 00:00:47.69
